2025-04-27 14:55:45 INFO  com.minh.shopee.ShopeeApplication - Starting ShopeeApplication using Java 22 with PID 5332 (C:\Users\OWNER\Desktop\workspace\backend-clone-shopee\target\classes started by OWNER in C:\Users\OWNER\Desktop\workspace\backend-clone-shopee)
2025-04-27 14:55:45 DEBUG com.minh.shopee.ShopeeApplication - Running with Spring Boot v3.4.4, Spring v6.2.5
2025-04-27 14:55:45 INFO  com.minh.shopee.ShopeeApplication - No active profile set, falling back to 1 default profile: "default"
2025-04-27 14:55:54 INFO  com.minh.shopee.ShopeeApplication - Started ShopeeApplication in 9.73 seconds (process running for 10.237)
2025-04-27 15:20:18 INFO  com.minh.shopee.ShopeeApplication - Starting ShopeeApplication using Java 22 with PID 9040 (C:\Users\OWNER\Desktop\workspace\backend-clone-shopee\target\classes started by OWNER in C:\Users\OWNER\Desktop\workspace\backend-clone-shopee)
2025-04-27 15:20:18 DEBUG com.minh.shopee.ShopeeApplication - Running with Spring Boot v3.4.4, Spring v6.2.5
2025-04-27 15:20:18 INFO  com.minh.shopee.ShopeeApplication - No active profile set, falling back to 1 default profile: "default"
2025-04-27 15:20:27 INFO  com.minh.shopee.ShopeeApplication - Started ShopeeApplication in 9.519 seconds (process running for 10.024)
2025-04-27 15:21:53 INFO  com.minh.shopee.ShopeeApplication - Starting ShopeeApplication using Java 22 with PID 11596 (C:\Users\OWNER\Desktop\workspace\backend-clone-shopee\target\classes started by OWNER in C:\Users\OWNER\Desktop\workspace\backend-clone-shopee)
2025-04-27 15:21:53 DEBUG com.minh.shopee.ShopeeApplication - Running with Spring Boot v3.4.4, Spring v6.2.5
2025-04-27 15:21:53 INFO  com.minh.shopee.ShopeeApplication - No active profile set, falling back to 1 default profile: "default"
2025-04-27 15:22:01 INFO  com.minh.shopee.ShopeeApplication - Started ShopeeApplication in 7.979 seconds (process running for 8.444)
2025-04-27 15:22:43 INFO  com.minh.shopee.ShopeeApplication - Starting ShopeeApplication using Java 22 with PID 11596 (C:\Users\OWNER\Desktop\workspace\backend-clone-shopee\target\classes started by OWNER in C:\Users\OWNER\Desktop\workspace\backend-clone-shopee)
2025-04-27 15:22:43 DEBUG com.minh.shopee.ShopeeApplication - Running with Spring Boot v3.4.4, Spring v6.2.5
2025-04-27 15:22:43 INFO  com.minh.shopee.ShopeeApplication - No active profile set, falling back to 1 default profile: "default"
2025-04-27 15:22:45 INFO  com.minh.shopee.ShopeeApplication - Started ShopeeApplication in 1.998 seconds (process running for 52.559)
2025-04-27 15:23:00 INFO  com.minh.shopee.ShopeeApplication - Starting ShopeeApplication using Java 22 with PID 3460 (C:\Users\OWNER\Desktop\workspace\backend-clone-shopee\target\classes started by OWNER in C:\Users\OWNER\Desktop\workspace\backend-clone-shopee)
2025-04-27 15:23:00 DEBUG com.minh.shopee.ShopeeApplication - Running with Spring Boot v3.4.4, Spring v6.2.5
2025-04-27 15:23:00 INFO  com.minh.shopee.ShopeeApplication - No active profile set, falling back to 1 default profile: "default"
2025-04-27 15:23:07 INFO  com.minh.shopee.ShopeeApplication - Started ShopeeApplication in 7.926 seconds (process running for 8.403)
2025-04-27 15:23:23 INFO  com.minh.shopee.ShopeeApplication - Starting ShopeeApplication using Java 22 with PID 9636 (C:\Users\OWNER\Desktop\workspace\backend-clone-shopee\target\classes started by OWNER in C:\Users\OWNER\Desktop\workspace\backend-clone-shopee)
2025-04-27 15:23:23 DEBUG com.minh.shopee.ShopeeApplication - Running with Spring Boot v3.4.4, Spring v6.2.5
2025-04-27 15:23:23 INFO  com.minh.shopee.ShopeeApplication - No active profile set, falling back to 1 default profile: "default"
2025-04-27 15:23:31 INFO  com.minh.shopee.ShopeeApplication - Started ShopeeApplication in 8.547 seconds (process running for 9.055)
2025-04-27 15:24:14 INFO  com.minh.shopee.ShopeeApplication - Starting ShopeeApplication using Java 22 with PID 12816 (C:\Users\OWNER\Desktop\workspace\backend-clone-shopee\target\classes started by OWNER in C:\Users\OWNER\Desktop\workspace\backend-clone-shopee)
2025-04-27 15:24:14 DEBUG com.minh.shopee.ShopeeApplication - Running with Spring Boot v3.4.4, Spring v6.2.5
2025-04-27 15:24:14 INFO  com.minh.shopee.ShopeeApplication - No active profile set, falling back to 1 default profile: "default"
2025-04-27 15:24:21 INFO  com.minh.shopee.ShopeeApplication - Started ShopeeApplication in 7.967 seconds (process running for 8.419)
2025-04-27 15:24:48 INFO  com.minh.shopee.ShopeeApplication - Starting ShopeeApplication using Java 17.0.11 with PID 9600 (C:\Users\OWNER\Desktop\workspace\backend-clone-shopee\target\classes started by OWNER in C:\Users\OWNER\Desktop\workspace\backend-clone-shopee)
2025-04-27 15:24:48 DEBUG com.minh.shopee.ShopeeApplication - Running with Spring Boot v3.4.4, Spring v6.2.5
2025-04-27 15:24:48 INFO  com.minh.shopee.ShopeeApplication - No active profile set, falling back to 1 default profile: "default"
2025-04-27 15:25:10 INFO  com.minh.shopee.ShopeeApplication - Started ShopeeApplication in 23.818 seconds (process running for 25.069)
2025-04-27 15:26:19 INFO  com.minh.shopee.ShopeeApplication - Starting ShopeeApplication using Java 22 with PID 9552 (C:\Users\OWNER\Desktop\workspace\backend-clone-shopee\target\classes started by OWNER in C:\Users\OWNER\Desktop\workspace\backend-clone-shopee)
2025-04-27 15:26:19 DEBUG com.minh.shopee.ShopeeApplication - Running with Spring Boot v3.4.4, Spring v6.2.5
2025-04-27 15:26:19 INFO  com.minh.shopee.ShopeeApplication - No active profile set, falling back to 1 default profile: "default"
2025-04-27 15:26:26 INFO  com.minh.shopee.ShopeeApplication - Started ShopeeApplication in 8.027 seconds (process running for 8.513)
