2025-04-28 14:15:09 INFO  com.minh.shopee.ShopeeApplication - Starting ShopeeApplication using Java 22 with PID 11028 (C:\Users\OWNER\Desktop\workspace\backend-clone-shopee\target\classes started by OWNER in C:\Users\OWNER\Desktop\workspace\backend-clone-shopee)
2025-04-28 14:15:09 DEBUG com.minh.shopee.ShopeeApplication - Running with Spring Boot v3.4.4, Spring v6.2.5
2025-04-28 14:15:09 INFO  com.minh.shopee.ShopeeApplication - No active profile set, falling back to 1 default profile: "default"
2025-04-28 14:15:18 INFO  com.minh.shopee.ShopeeApplication - Started ShopeeApplication in 9.456 seconds (process running for 9.99)
2025-04-28 14:21:13 INFO  com.minh.shopee.ShopeeApplication - Starting ShopeeApplication using Java 17.0.11 with PID 14240 (C:\Users\OWNER\Desktop\workspace\backend-clone-shopee\target\classes started by OWNER in C:\Users\OWNER\Desktop\workspace\backend-clone-shopee)
2025-04-28 14:21:13 DEBUG com.minh.shopee.ShopeeApplication - Running with Spring Boot v3.4.4, Spring v6.2.5
2025-04-28 14:21:13 INFO  com.minh.shopee.ShopeeApplication - No active profile set, falling back to 1 default profile: "default"
2025-04-28 14:21:43 INFO  com.minh.shopee.ShopeeApplication - Started ShopeeApplication in 31.562 seconds (process running for 36.435)
2025-04-28 14:29:26 INFO  com.minh.shopee.ShopeeApplication - Starting ShopeeApplication using Java 17.0.11 with PID 14240 (C:\Users\OWNER\Desktop\workspace\backend-clone-shopee\target\classes started by OWNER in C:\Users\OWNER\Desktop\workspace\backend-clone-shopee)
2025-04-28 14:29:26 DEBUG com.minh.shopee.ShopeeApplication - Running with Spring Boot v3.4.4, Spring v6.2.5
2025-04-28 14:29:26 INFO  com.minh.shopee.ShopeeApplication - No active profile set, falling back to 1 default profile: "default"
2025-04-28 14:29:31 INFO  com.minh.shopee.ShopeeApplication - Started ShopeeApplication in 5.445 seconds (process running for 504.752)
2025-04-28 14:30:03 INFO  com.minh.shopee.ShopeeApplication - Starting ShopeeApplication using Java 17.0.11 with PID 14240 (C:\Users\OWNER\Desktop\workspace\backend-clone-shopee\target\classes started by OWNER in C:\Users\OWNER\Desktop\workspace\backend-clone-shopee)
2025-04-28 14:30:03 DEBUG com.minh.shopee.ShopeeApplication - Running with Spring Boot v3.4.4, Spring v6.2.5
2025-04-28 14:30:03 INFO  com.minh.shopee.ShopeeApplication - No active profile set, falling back to 1 default profile: "default"
2025-04-28 14:30:08 INFO  com.minh.shopee.ShopeeApplication - Started ShopeeApplication in 4.563 seconds (process running for 541.166)
2025-04-28 14:38:36 INFO  com.minh.shopee.ShopeeApplication - Starting ShopeeApplication using Java 17.0.11 with PID 14240 (C:\Users\OWNER\Desktop\workspace\backend-clone-shopee\target\classes started by OWNER in C:\Users\OWNER\Desktop\workspace\backend-clone-shopee)
2025-04-28 14:38:36 DEBUG com.minh.shopee.ShopeeApplication - Running with Spring Boot v3.4.4, Spring v6.2.5
2025-04-28 14:38:36 INFO  com.minh.shopee.ShopeeApplication - No active profile set, falling back to 1 default profile: "default"
2025-04-28 14:38:52 INFO  com.minh.shopee.ShopeeApplication - Started ShopeeApplication in 15.73 seconds (process running for 1064.891)
2025-04-28 14:38:54 INFO  com.minh.shopee.ShopeeApplication - Starting ShopeeApplication using Java 17.0.11 with PID 14240 (C:\Users\OWNER\Desktop\workspace\backend-clone-shopee\target\classes started by OWNER in C:\Users\OWNER\Desktop\workspace\backend-clone-shopee)
2025-04-28 14:38:54 DEBUG com.minh.shopee.ShopeeApplication - Running with Spring Boot v3.4.4, Spring v6.2.5
2025-04-28 14:38:54 INFO  com.minh.shopee.ShopeeApplication - No active profile set, falling back to 1 default profile: "default"
2025-04-28 14:39:01 INFO  com.minh.shopee.ShopeeApplication - Started ShopeeApplication in 6.814 seconds (process running for 1074.027)
2025-04-28 15:11:21 INFO  com.minh.shopee.ShopeeApplication - Starting ShopeeApplication using Java 17.0.11 with PID 14240 (C:\Users\OWNER\Desktop\workspace\backend-clone-shopee\target\classes started by OWNER in C:\Users\OWNER\Desktop\workspace\backend-clone-shopee)
2025-04-28 15:11:21 DEBUG com.minh.shopee.ShopeeApplication - Running with Spring Boot v3.4.4, Spring v6.2.5
2025-04-28 15:11:21 INFO  com.minh.shopee.ShopeeApplication - No active profile set, falling back to 1 default profile: "default"
2025-04-28 15:11:32 INFO  com.minh.shopee.ShopeeApplication - Started ShopeeApplication in 12.675 seconds (process running for 3025.848)
2025-04-28 18:50:06 INFO  com.minh.shopee.ShopeeApplication - Starting ShopeeApplication using Java 22 with PID 13572 (C:\Users\OWNER\Desktop\workspace\backend-clone-shopee\target\classes started by OWNER in C:\Users\OWNER\Desktop\workspace\backend-clone-shopee)
2025-04-28 18:50:06 DEBUG com.minh.shopee.ShopeeApplication - Running with Spring Boot v3.4.4, Spring v6.2.5
2025-04-28 18:50:06 INFO  com.minh.shopee.ShopeeApplication - No active profile set, falling back to 1 default profile: "default"
2025-04-28 18:50:14 INFO  com.minh.shopee.ShopeeApplication - Started ShopeeApplication in 8.324 seconds (process running for 8.819)
2025-04-28 22:12:52 INFO  com.minh.shopee.ShopeeApplication - Starting ShopeeApplication using Java 22 with PID 11972 (C:\Users\OWNER\Desktop\workspace\backend-clone-shopee\target\classes started by OWNER in C:\Users\OWNER\Desktop\workspace\backend-clone-shopee)
2025-04-28 22:12:52 DEBUG com.minh.shopee.ShopeeApplication - Running with Spring Boot v3.4.4, Spring v6.2.5
2025-04-28 22:12:52 INFO  com.minh.shopee.ShopeeApplication - No active profile set, falling back to 1 default profile: "default"
2025-04-28 22:13:13 INFO  com.minh.shopee.ShopeeApplication - Started ShopeeApplication in 21.122 seconds (process running for 21.733)
2025-04-28 22:57:14 INFO  com.minh.shopee.ShopeeApplication - Starting ShopeeApplication using Java 17.0.11 with PID 5348 (C:\Users\OWNER\Desktop\workspace\backend-clone-shopee\target\classes started by OWNER in C:\Users\OWNER\Desktop\workspace\backend-clone-shopee)
2025-04-28 22:57:14 DEBUG com.minh.shopee.ShopeeApplication - Running with Spring Boot v3.4.4, Spring v6.2.5
2025-04-28 22:57:14 INFO  com.minh.shopee.ShopeeApplication - No active profile set, falling back to 1 default profile: "default"
2025-04-28 22:57:35 INFO  com.minh.shopee.ShopeeApplication - Started ShopeeApplication in 21.631 seconds (process running for 29.258)
2025-04-28 23:01:53 INFO  com.minh.shopee.ShopeeApplication - Starting ShopeeApplication using Java 17.0.11 with PID 5348 (C:\Users\OWNER\Desktop\workspace\backend-clone-shopee\target\classes started by OWNER in C:\Users\OWNER\Desktop\workspace\backend-clone-shopee)
2025-04-28 23:01:53 DEBUG com.minh.shopee.ShopeeApplication - Running with Spring Boot v3.4.4, Spring v6.2.5
2025-04-28 23:01:53 INFO  com.minh.shopee.ShopeeApplication - No active profile set, falling back to 1 default profile: "default"
2025-04-28 23:02:06 INFO  com.minh.shopee.ShopeeApplication - Started ShopeeApplication in 13.015 seconds (process running for 300.4)
2025-04-28 23:02:07 INFO  com.minh.shopee.ShopeeApplication - Starting ShopeeApplication using Java 17.0.11 with PID 5348 (C:\Users\OWNER\Desktop\workspace\backend-clone-shopee\target\classes started by OWNER in C:\Users\OWNER\Desktop\workspace\backend-clone-shopee)
2025-04-28 23:02:07 DEBUG com.minh.shopee.ShopeeApplication - Running with Spring Boot v3.4.4, Spring v6.2.5
2025-04-28 23:02:07 INFO  com.minh.shopee.ShopeeApplication - No active profile set, falling back to 1 default profile: "default"
2025-04-28 23:02:10 INFO  com.minh.shopee.ShopeeApplication - Started ShopeeApplication in 3.341 seconds (process running for 304.737)
2025-05-06 19:53:04 INFO  com.minh.shopee.ShopeeApplication - Starting ShopeeApplication using Java 17.0.12 with PID 18332 (C:\Users\abcxy\OneDrive\Desktop\workspace\backend\shopee_javaspring\target\classes started by abcxy in C:\Users\abcxy\OneDrive\Desktop\workspace\backend\shopee_javaspring)
2025-05-06 19:53:04 DEBUG com.minh.shopee.ShopeeApplication - Running with Spring Boot v3.4.4, Spring v6.2.5
2025-05-06 19:53:04 INFO  com.minh.shopee.ShopeeApplication - No active profile set, falling back to 1 default profile: "default"
2025-05-06 19:53:27 INFO  com.minh.shopee.ShopeeApplication - Starting ShopeeApplication using Java 17.0.12 with PID 11204 (C:\Users\abcxy\OneDrive\Desktop\workspace\backend\shopee_javaspring\target\classes started by abcxy in C:\Users\abcxy\OneDrive\Desktop\workspace\backend\shopee_javaspring)
2025-05-06 19:53:27 DEBUG com.minh.shopee.ShopeeApplication - Running with Spring Boot v3.4.4, Spring v6.2.5
2025-05-06 19:53:27 INFO  com.minh.shopee.ShopeeApplication - No active profile set, falling back to 1 default profile: "default"
2025-05-06 19:55:31 INFO  com.minh.shopee.ShopeeApplication - Starting ShopeeApplication using Java 17.0.12 with PID 20384 (C:\Users\abcxy\OneDrive\Desktop\workspace\backend\shopee_javaspring\target\classes started by abcxy in C:\Users\abcxy\OneDrive\Desktop\workspace\backend\shopee_javaspring)
2025-05-06 19:55:31 DEBUG com.minh.shopee.ShopeeApplication - Running with Spring Boot v3.4.4, Spring v6.2.5
2025-05-06 19:55:31 INFO  com.minh.shopee.ShopeeApplication - No active profile set, falling back to 1 default profile: "default"
2025-05-06 19:57:04 INFO  com.minh.shopee.ShopeeApplication - Starting ShopeeApplication using Java 17.0.12 with PID 20196 (C:\Users\abcxy\OneDrive\Desktop\workspace\backend\shopee_javaspring\target\classes started by abcxy in C:\Users\abcxy\OneDrive\Desktop\workspace\backend\shopee_javaspring)
2025-05-06 19:57:04 DEBUG com.minh.shopee.ShopeeApplication - Running with Spring Boot v3.4.4, Spring v6.2.5
2025-05-06 19:57:04 INFO  com.minh.shopee.ShopeeApplication - No active profile set, falling back to 1 default profile: "default"
2025-05-06 20:01:03 INFO  com.minh.shopee.ShopeeApplication - Starting ShopeeApplication using Java 17.0.12 with PID 4984 (C:\Users\abcxy\OneDrive\Desktop\workspace\backend\shopee_javaspring\target\classes started by abcxy in C:\Users\abcxy\OneDrive\Desktop\workspace\backend\shopee_javaspring)
2025-05-06 20:01:03 DEBUG com.minh.shopee.ShopeeApplication - Running with Spring Boot v3.4.4, Spring v6.2.5
2025-05-06 20:01:03 INFO  com.minh.shopee.ShopeeApplication - No active profile set, falling back to 1 default profile: "default"
2025-05-06 20:03:02 INFO  com.minh.shopee.ShopeeApplication - Starting ShopeeApplication using Java 17.0.12 with PID 17048 (C:\Users\abcxy\OneDrive\Desktop\workspace\backend\shopee_javaspring\target\classes started by abcxy in C:\Users\abcxy\OneDrive\Desktop\workspace\backend\shopee_javaspring)
2025-05-06 20:03:02 DEBUG com.minh.shopee.ShopeeApplication - Running with Spring Boot v3.4.4, Spring v6.2.5
2025-05-06 20:03:02 INFO  com.minh.shopee.ShopeeApplication - No active profile set, falling back to 1 default profile: "default"
2025-05-06 20:03:36 INFO  com.minh.shopee.ShopeeApplication - Starting ShopeeApplication using Java 17.0.12 with PID 19396 (C:\Users\abcxy\OneDrive\Desktop\workspace\backend\shopee_javaspring\target\classes started by abcxy in C:\Users\abcxy\OneDrive\Desktop\workspace\backend\shopee_javaspring)
2025-05-06 20:03:36 DEBUG com.minh.shopee.ShopeeApplication - Running with Spring Boot v3.4.4, Spring v6.2.5
2025-05-06 20:03:36 INFO  com.minh.shopee.ShopeeApplication - No active profile set, falling back to 1 default profile: "default"
2025-05-06 20:04:46 INFO  com.minh.shopee.ShopeeApplication - Starting ShopeeApplication using Java 17.0.12 with PID 1680 (C:\Users\abcxy\OneDrive\Desktop\workspace\backend\shopee_javaspring\target\classes started by abcxy in C:\Users\abcxy\OneDrive\Desktop\workspace\backend\shopee_javaspring)
2025-05-06 20:04:46 DEBUG com.minh.shopee.ShopeeApplication - Running with Spring Boot v3.4.4, Spring v6.2.5
2025-05-06 20:04:46 INFO  com.minh.shopee.ShopeeApplication - No active profile set, falling back to 1 default profile: "default"
2025-05-06 20:08:17 INFO  com.minh.shopee.ShopeeApplication - Starting ShopeeApplication using Java 17.0.12 with PID 18252 (C:\Users\abcxy\OneDrive\Desktop\workspace\backend\shopee_javaspring\target\classes started by abcxy in C:\Users\abcxy\OneDrive\Desktop\workspace\backend\shopee_javaspring)
2025-05-06 20:08:17 DEBUG com.minh.shopee.ShopeeApplication - Running with Spring Boot v3.4.4, Spring v6.2.5
2025-05-06 20:08:17 INFO  com.minh.shopee.ShopeeApplication - No active profile set, falling back to 1 default profile: "default"
2025-05-06 20:09:35 INFO  com.minh.shopee.ShopeeApplication - Starting ShopeeApplication using Java 17.0.12 with PID 16728 (C:\Users\abcxy\OneDrive\Desktop\workspace\backend\shopee_javaspring\target\classes started by abcxy in C:\Users\abcxy\OneDrive\Desktop\workspace\backend\shopee_javaspring)
2025-05-06 20:09:35 DEBUG com.minh.shopee.ShopeeApplication - Running with Spring Boot v3.4.4, Spring v6.2.5
2025-05-06 20:09:35 INFO  com.minh.shopee.ShopeeApplication - No active profile set, falling back to 1 default profile: "default"
2025-05-06 20:11:14 INFO  com.minh.shopee.ShopeeApplication - Starting ShopeeApplication using Java 17.0.12 with PID 19104 (C:\Users\abcxy\OneDrive\Desktop\workspace\backend\shopee_javaspring\target\classes started by abcxy in C:\Users\abcxy\OneDrive\Desktop\workspace\backend\shopee_javaspring)
2025-05-06 20:11:14 DEBUG com.minh.shopee.ShopeeApplication - Running with Spring Boot v3.4.4, Spring v6.2.5
2025-05-06 20:11:14 INFO  com.minh.shopee.ShopeeApplication - No active profile set, falling back to 1 default profile: "default"
2025-05-06 20:11:24 INFO  com.minh.shopee.ShopeeApplication - Started ShopeeApplication in 10.649 seconds (process running for 11.326)
2025-05-06 20:12:16 ERROR c.m.shopee.config.JWTConfiguration - JWT Decode Error: An error occurred while attempting to decode the Jwt: Signed JWT rejected: Invalid signature
org.springframework.security.oauth2.jwt.BadJwtException: An error occurred while attempting to decode the Jwt: Signed JWT rejected: Invalid signature
	at org.springframework.security.oauth2.jwt.NimbusJwtDecoder.createJwt(NimbusJwtDecoder.java:184)
	at org.springframework.security.oauth2.jwt.NimbusJwtDecoder.decode(NimbusJwtDecoder.java:138)
	at com.minh.shopee.config.JWTConfiguration.lambda$0(JWTConfiguration.java:64)
	at org.springframework.security.oauth2.server.resource.authentication.JwtAuthenticationProvider.getJwt(JwtAuthenticationProvider.java:99)
	at org.springframework.security.oauth2.server.resource.authentication.JwtAuthenticationProvider.authenticate(JwtAuthenticationProvider.java:88)
	at org.springframework.security.authentication.ProviderManager.authenticate(ProviderManager.java:182)
	at org.springframework.security.authentication.ObservationAuthenticationManager.lambda$authenticate$1(ObservationAuthenticationManager.java:54)
	at io.micrometer.observation.Observation.observe(Observation.java:564)
	at org.springframework.security.authentication.ObservationAuthenticationManager.authenticate(ObservationAuthenticationManager.java:53)
	at org.springframework.security.oauth2.server.resource.web.authentication.BearerTokenAuthenticationFilter.doFilterInternal(BearerTokenAuthenticationFilter.java:137)
	at org.springframework.web.filter.OncePerRequestFilter.doFilter(OncePerRequestFilter.java:116)
	at org.springframework.security.web.ObservationFilterChainDecorator$ObservationFilter.wrapFilter(ObservationFilterChainDecorator.java:240)
	at org.springframework.security.web.ObservationFilterChainDecorator$ObservationFilter.doFilter(ObservationFilterChainDecorator.java:227)
	at org.springframework.security.web.ObservationFilterChainDecorator$VirtualFilterChain.doFilter(ObservationFilterChainDecorator.java:137)
	at org.springframework.security.web.authentication.logout.LogoutFilter.doFilter(LogoutFilter.java:107)
	at org.springframework.security.web.authentication.logout.LogoutFilter.doFilter(LogoutFilter.java:93)
	at org.springframework.security.web.ObservationFilterChainDecorator$ObservationFilter.wrapFilter(ObservationFilterChainDecorator.java:240)
	at org.springframework.security.web.ObservationFilterChainDecorator$ObservationFilter.doFilter(ObservationFilterChainDecorator.java:227)
	at org.springframework.security.web.ObservationFilterChainDecorator$VirtualFilterChain.doFilter(ObservationFilterChainDecorator.java:137)
	at org.springframework.web.filter.CorsFilter.doFilterInternal(CorsFilter.java:91)
	at org.springframework.web.filter.OncePerRequestFilter.doFilter(OncePerRequestFilter.java:116)
	at org.springframework.security.web.ObservationFilterChainDecorator$ObservationFilter.wrapFilter(ObservationFilterChainDecorator.java:240)
	at org.springframework.security.web.ObservationFilterChainDecorator$ObservationFilter.doFilter(ObservationFilterChainDecorator.java:227)
	at org.springframework.security.web.ObservationFilterChainDecorator$VirtualFilterChain.doFilter(ObservationFilterChainDecorator.java:137)
	at org.springframework.security.web.header.HeaderWriterFilter.doHeadersAfter(HeaderWriterFilter.java:90)
	at org.springframework.security.web.header.HeaderWriterFilter.doFilterInternal(HeaderWriterFilter.java:75)
	at org.springframework.web.filter.OncePerRequestFilter.doFilter(OncePerRequestFilter.java:116)
	at org.springframework.security.web.ObservationFilterChainDecorator$ObservationFilter.wrapFilter(ObservationFilterChainDecorator.java:240)
	at org.springframework.security.web.ObservationFilterChainDecorator$ObservationFilter.doFilter(ObservationFilterChainDecorator.java:227)
	at org.springframework.security.web.ObservationFilterChainDecorator$VirtualFilterChain.doFilter(ObservationFilterChainDecorator.java:137)
	at org.springframework.security.web.context.SecurityContextHolderFilter.doFilter(SecurityContextHolderFilter.java:82)
	at org.springframework.security.web.context.SecurityContextHolderFilter.doFilter(SecurityContextHolderFilter.java:69)
	at org.springframework.security.web.ObservationFilterChainDecorator$ObservationFilter.wrapFilter(ObservationFilterChainDecorator.java:240)
	at org.springframework.security.web.ObservationFilterChainDecorator$ObservationFilter.doFilter(ObservationFilterChainDecorator.java:227)
	at org.springframework.security.web.ObservationFilterChainDecorator$VirtualFilterChain.doFilter(ObservationFilterChainDecorator.java:137)
	at org.springframework.security.web.context.request.async.WebAsyncManagerIntegrationFilter.doFilterInternal(WebAsyncManagerIntegrationFilter.java:62)
	at org.springframework.web.filter.OncePerRequestFilter.doFilter(OncePerRequestFilter.java:116)
	at org.springframework.security.web.ObservationFilterChainDecorator$ObservationFilter.wrapFilter(ObservationFilterChainDecorator.java:240)
	at org.springframework.security.web.ObservationFilterChainDecorator$ObservationFilter.doFilter(ObservationFilterChainDecorator.java:227)
	at org.springframework.security.web.ObservationFilterChainDecorator$VirtualFilterChain.doFilter(ObservationFilterChainDecorator.java:137)
	at org.springframework.security.web.session.DisableEncodeUrlFilter.doFilterInternal(DisableEncodeUrlFilter.java:42)
	at org.springframework.web.filter.OncePerRequestFilter.doFilter(OncePerRequestFilter.java:116)
	at org.springframework.security.web.ObservationFilterChainDecorator$ObservationFilter.wrapFilter(ObservationFilterChainDecorator.java:240)
	at org.springframework.security.web.ObservationFilterChainDecorator$AroundFilterObservation$SimpleAroundFilterObservation.lambda$wrap$0(ObservationFilterChainDecorator.java:323)
	at org.springframework.security.web.ObservationFilterChainDecorator$ObservationFilter.doFilter(ObservationFilterChainDecorator.java:224)
	at org.springframework.security.web.ObservationFilterChainDecorator$VirtualFilterChain.doFilter(ObservationFilterChainDecorator.java:137)
	at org.springframework.security.web.FilterChainProxy.doFilterInternal(FilterChainProxy.java:233)
	at org.springframework.security.web.FilterChainProxy.doFilter(FilterChainProxy.java:191)
	at org.springframework.web.filter.CompositeFilter$VirtualFilterChain.doFilter(CompositeFilter.java:113)
	at org.springframework.web.servlet.handler.HandlerMappingIntrospector.lambda$createCacheFilter$3(HandlerMappingIntrospector.java:243)
	at org.springframework.web.filter.CompositeFilter$VirtualFilterChain.doFilter(CompositeFilter.java:113)
	at org.springframework.web.filter.CompositeFilter.doFilter(CompositeFilter.java:74)
	at org.springframework.security.config.annotation.web.configuration.WebMvcSecurityConfiguration$CompositeFilterChainProxy.doFilter(WebMvcSecurityConfiguration.java:238)
	at org.springframework.web.filter.DelegatingFilterProxy.invokeDelegate(DelegatingFilterProxy.java:362)
	at org.springframework.web.filter.DelegatingFilterProxy.doFilter(DelegatingFilterProxy.java:278)
	at org.apache.catalina.core.ApplicationFilterChain.internalDoFilter(ApplicationFilterChain.java:164)
	at org.apache.catalina.core.ApplicationFilterChain.doFilter(ApplicationFilterChain.java:140)
	at org.springframework.web.filter.RequestContextFilter.doFilterInternal(RequestContextFilter.java:100)
	at org.springframework.web.filter.OncePerRequestFilter.doFilter(OncePerRequestFilter.java:116)
	at org.apache.catalina.core.ApplicationFilterChain.internalDoFilter(ApplicationFilterChain.java:164)
	at org.apache.catalina.core.ApplicationFilterChain.doFilter(ApplicationFilterChain.java:140)
	at org.springframework.web.filter.FormContentFilter.doFilterInternal(FormContentFilter.java:93)
	at org.springframework.web.filter.OncePerRequestFilter.doFilter(OncePerRequestFilter.java:116)
	at org.apache.catalina.core.ApplicationFilterChain.internalDoFilter(ApplicationFilterChain.java:164)
	at org.apache.catalina.core.ApplicationFilterChain.doFilter(ApplicationFilterChain.java:140)
	at org.springframework.web.filter.ServerHttpObservationFilter.doFilterInternal(ServerHttpObservationFilter.java:114)
	at org.springframework.web.filter.OncePerRequestFilter.doFilter(OncePerRequestFilter.java:116)
	at org.apache.catalina.core.ApplicationFilterChain.internalDoFilter(ApplicationFilterChain.java:164)
	at org.apache.catalina.core.ApplicationFilterChain.doFilter(ApplicationFilterChain.java:140)
	at org.springframework.web.filter.CharacterEncodingFilter.doFilterInternal(CharacterEncodingFilter.java:201)
	at org.springframework.web.filter.OncePerRequestFilter.doFilter(OncePerRequestFilter.java:116)
	at org.apache.catalina.core.ApplicationFilterChain.internalDoFilter(ApplicationFilterChain.java:164)
	at org.apache.catalina.core.ApplicationFilterChain.doFilter(ApplicationFilterChain.java:140)
	at org.apache.catalina.core.StandardWrapperValve.invoke(StandardWrapperValve.java:167)
	at org.apache.catalina.core.StandardContextValve.invoke(StandardContextValve.java:90)
	at org.apache.catalina.authenticator.AuthenticatorBase.invoke(AuthenticatorBase.java:483)
	at org.apache.catalina.core.StandardHostValve.invoke(StandardHostValve.java:115)
	at org.apache.catalina.valves.ErrorReportValve.invoke(ErrorReportValve.java:93)
	at org.apache.catalina.core.StandardEngineValve.invoke(StandardEngineValve.java:74)
	at org.apache.catalina.connector.CoyoteAdapter.service(CoyoteAdapter.java:344)
	at org.apache.coyote.http11.Http11Processor.service(Http11Processor.java:397)
	at org.apache.coyote.AbstractProcessorLight.process(AbstractProcessorLight.java:63)
	at org.apache.coyote.AbstractProtocol$ConnectionHandler.process(AbstractProtocol.java:905)
	at org.apache.tomcat.util.net.NioEndpoint$SocketProcessor.doRun(NioEndpoint.java:1743)
	at org.apache.tomcat.util.net.SocketProcessorBase.run(SocketProcessorBase.java:52)
	at org.apache.tomcat.util.threads.ThreadPoolExecutor.runWorker(ThreadPoolExecutor.java:1190)
	at org.apache.tomcat.util.threads.ThreadPoolExecutor$Worker.run(ThreadPoolExecutor.java:659)
	at org.apache.tomcat.util.threads.TaskThread$WrappingRunnable.run(TaskThread.java:63)
	at java.base/java.lang.Thread.run(Thread.java:842)
Caused by: com.nimbusds.jose.proc.BadJWSException: Signed JWT rejected: Invalid signature
	at com.nimbusds.jwt.proc.DefaultJWTProcessor.process(DefaultJWTProcessor.java:378)
	at com.nimbusds.jwt.proc.DefaultJWTProcessor.process(DefaultJWTProcessor.java:303)
	at org.springframework.security.oauth2.jwt.NimbusJwtDecoder.createJwt(NimbusJwtDecoder.java:158)
	... 88 common frames omitted
2025-05-06 20:12:23 ERROR c.m.shopee.config.JWTConfiguration - JWT Decode Error: An error occurred while attempting to decode the Jwt: Signed JWT rejected: Invalid signature
org.springframework.security.oauth2.jwt.BadJwtException: An error occurred while attempting to decode the Jwt: Signed JWT rejected: Invalid signature
	at org.springframework.security.oauth2.jwt.NimbusJwtDecoder.createJwt(NimbusJwtDecoder.java:184)
	at org.springframework.security.oauth2.jwt.NimbusJwtDecoder.decode(NimbusJwtDecoder.java:138)
	at com.minh.shopee.config.JWTConfiguration.lambda$0(JWTConfiguration.java:64)
	at org.springframework.security.oauth2.server.resource.authentication.JwtAuthenticationProvider.getJwt(JwtAuthenticationProvider.java:99)
	at org.springframework.security.oauth2.server.resource.authentication.JwtAuthenticationProvider.authenticate(JwtAuthenticationProvider.java:88)
	at org.springframework.security.authentication.ProviderManager.authenticate(ProviderManager.java:182)
	at org.springframework.security.authentication.ObservationAuthenticationManager.lambda$authenticate$1(ObservationAuthenticationManager.java:54)
	at io.micrometer.observation.Observation.observe(Observation.java:564)
	at org.springframework.security.authentication.ObservationAuthenticationManager.authenticate(ObservationAuthenticationManager.java:53)
	at org.springframework.security.oauth2.server.resource.web.authentication.BearerTokenAuthenticationFilter.doFilterInternal(BearerTokenAuthenticationFilter.java:137)
	at org.springframework.web.filter.OncePerRequestFilter.doFilter(OncePerRequestFilter.java:116)
	at org.springframework.security.web.ObservationFilterChainDecorator$ObservationFilter.wrapFilter(ObservationFilterChainDecorator.java:240)
	at org.springframework.security.web.ObservationFilterChainDecorator$ObservationFilter.doFilter(ObservationFilterChainDecorator.java:227)
	at org.springframework.security.web.ObservationFilterChainDecorator$VirtualFilterChain.doFilter(ObservationFilterChainDecorator.java:137)
	at org.springframework.security.web.authentication.logout.LogoutFilter.doFilter(LogoutFilter.java:107)
	at org.springframework.security.web.authentication.logout.LogoutFilter.doFilter(LogoutFilter.java:93)
	at org.springframework.security.web.ObservationFilterChainDecorator$ObservationFilter.wrapFilter(ObservationFilterChainDecorator.java:240)
	at org.springframework.security.web.ObservationFilterChainDecorator$ObservationFilter.doFilter(ObservationFilterChainDecorator.java:227)
	at org.springframework.security.web.ObservationFilterChainDecorator$VirtualFilterChain.doFilter(ObservationFilterChainDecorator.java:137)
	at org.springframework.web.filter.CorsFilter.doFilterInternal(CorsFilter.java:91)
	at org.springframework.web.filter.OncePerRequestFilter.doFilter(OncePerRequestFilter.java:116)
	at org.springframework.security.web.ObservationFilterChainDecorator$ObservationFilter.wrapFilter(ObservationFilterChainDecorator.java:240)
	at org.springframework.security.web.ObservationFilterChainDecorator$ObservationFilter.doFilter(ObservationFilterChainDecorator.java:227)
	at org.springframework.security.web.ObservationFilterChainDecorator$VirtualFilterChain.doFilter(ObservationFilterChainDecorator.java:137)
	at org.springframework.security.web.header.HeaderWriterFilter.doHeadersAfter(HeaderWriterFilter.java:90)
	at org.springframework.security.web.header.HeaderWriterFilter.doFilterInternal(HeaderWriterFilter.java:75)
	at org.springframework.web.filter.OncePerRequestFilter.doFilter(OncePerRequestFilter.java:116)
	at org.springframework.security.web.ObservationFilterChainDecorator$ObservationFilter.wrapFilter(ObservationFilterChainDecorator.java:240)
	at org.springframework.security.web.ObservationFilterChainDecorator$ObservationFilter.doFilter(ObservationFilterChainDecorator.java:227)
	at org.springframework.security.web.ObservationFilterChainDecorator$VirtualFilterChain.doFilter(ObservationFilterChainDecorator.java:137)
	at org.springframework.security.web.context.SecurityContextHolderFilter.doFilter(SecurityContextHolderFilter.java:82)
	at org.springframework.security.web.context.SecurityContextHolderFilter.doFilter(SecurityContextHolderFilter.java:69)
	at org.springframework.security.web.ObservationFilterChainDecorator$ObservationFilter.wrapFilter(ObservationFilterChainDecorator.java:240)
	at org.springframework.security.web.ObservationFilterChainDecorator$ObservationFilter.doFilter(ObservationFilterChainDecorator.java:227)
	at org.springframework.security.web.ObservationFilterChainDecorator$VirtualFilterChain.doFilter(ObservationFilterChainDecorator.java:137)
	at org.springframework.security.web.context.request.async.WebAsyncManagerIntegrationFilter.doFilterInternal(WebAsyncManagerIntegrationFilter.java:62)
	at org.springframework.web.filter.OncePerRequestFilter.doFilter(OncePerRequestFilter.java:116)
	at org.springframework.security.web.ObservationFilterChainDecorator$ObservationFilter.wrapFilter(ObservationFilterChainDecorator.java:240)
	at org.springframework.security.web.ObservationFilterChainDecorator$ObservationFilter.doFilter(ObservationFilterChainDecorator.java:227)
	at org.springframework.security.web.ObservationFilterChainDecorator$VirtualFilterChain.doFilter(ObservationFilterChainDecorator.java:137)
	at org.springframework.security.web.session.DisableEncodeUrlFilter.doFilterInternal(DisableEncodeUrlFilter.java:42)
	at org.springframework.web.filter.OncePerRequestFilter.doFilter(OncePerRequestFilter.java:116)
	at org.springframework.security.web.ObservationFilterChainDecorator$ObservationFilter.wrapFilter(ObservationFilterChainDecorator.java:240)
	at org.springframework.security.web.ObservationFilterChainDecorator$AroundFilterObservation$SimpleAroundFilterObservation.lambda$wrap$0(ObservationFilterChainDecorator.java:323)
	at org.springframework.security.web.ObservationFilterChainDecorator$ObservationFilter.doFilter(ObservationFilterChainDecorator.java:224)
	at org.springframework.security.web.ObservationFilterChainDecorator$VirtualFilterChain.doFilter(ObservationFilterChainDecorator.java:137)
	at org.springframework.security.web.FilterChainProxy.doFilterInternal(FilterChainProxy.java:233)
	at org.springframework.security.web.FilterChainProxy.doFilter(FilterChainProxy.java:191)
	at org.springframework.web.filter.CompositeFilter$VirtualFilterChain.doFilter(CompositeFilter.java:113)
	at org.springframework.web.servlet.handler.HandlerMappingIntrospector.lambda$createCacheFilter$3(HandlerMappingIntrospector.java:243)
	at org.springframework.web.filter.CompositeFilter$VirtualFilterChain.doFilter(CompositeFilter.java:113)
	at org.springframework.web.filter.CompositeFilter.doFilter(CompositeFilter.java:74)
	at org.springframework.security.config.annotation.web.configuration.WebMvcSecurityConfiguration$CompositeFilterChainProxy.doFilter(WebMvcSecurityConfiguration.java:238)
	at org.springframework.web.filter.DelegatingFilterProxy.invokeDelegate(DelegatingFilterProxy.java:362)
	at org.springframework.web.filter.DelegatingFilterProxy.doFilter(DelegatingFilterProxy.java:278)
	at org.apache.catalina.core.ApplicationFilterChain.internalDoFilter(ApplicationFilterChain.java:164)
	at org.apache.catalina.core.ApplicationFilterChain.doFilter(ApplicationFilterChain.java:140)
	at org.springframework.web.filter.RequestContextFilter.doFilterInternal(RequestContextFilter.java:100)
	at org.springframework.web.filter.OncePerRequestFilter.doFilter(OncePerRequestFilter.java:116)
	at org.apache.catalina.core.ApplicationFilterChain.internalDoFilter(ApplicationFilterChain.java:164)
	at org.apache.catalina.core.ApplicationFilterChain.doFilter(ApplicationFilterChain.java:140)
	at org.springframework.web.filter.FormContentFilter.doFilterInternal(FormContentFilter.java:93)
	at org.springframework.web.filter.OncePerRequestFilter.doFilter(OncePerRequestFilter.java:116)
	at org.apache.catalina.core.ApplicationFilterChain.internalDoFilter(ApplicationFilterChain.java:164)
	at org.apache.catalina.core.ApplicationFilterChain.doFilter(ApplicationFilterChain.java:140)
	at org.springframework.web.filter.ServerHttpObservationFilter.doFilterInternal(ServerHttpObservationFilter.java:114)
	at org.springframework.web.filter.OncePerRequestFilter.doFilter(OncePerRequestFilter.java:116)
	at org.apache.catalina.core.ApplicationFilterChain.internalDoFilter(ApplicationFilterChain.java:164)
	at org.apache.catalina.core.ApplicationFilterChain.doFilter(ApplicationFilterChain.java:140)
	at org.springframework.web.filter.CharacterEncodingFilter.doFilterInternal(CharacterEncodingFilter.java:201)
	at org.springframework.web.filter.OncePerRequestFilter.doFilter(OncePerRequestFilter.java:116)
	at org.apache.catalina.core.ApplicationFilterChain.internalDoFilter(ApplicationFilterChain.java:164)
	at org.apache.catalina.core.ApplicationFilterChain.doFilter(ApplicationFilterChain.java:140)
	at org.apache.catalina.core.StandardWrapperValve.invoke(StandardWrapperValve.java:167)
	at org.apache.catalina.core.StandardContextValve.invoke(StandardContextValve.java:90)
	at org.apache.catalina.authenticator.AuthenticatorBase.invoke(AuthenticatorBase.java:483)
	at org.apache.catalina.core.StandardHostValve.invoke(StandardHostValve.java:115)
	at org.apache.catalina.valves.ErrorReportValve.invoke(ErrorReportValve.java:93)
	at org.apache.catalina.core.StandardEngineValve.invoke(StandardEngineValve.java:74)
	at org.apache.catalina.connector.CoyoteAdapter.service(CoyoteAdapter.java:344)
	at org.apache.coyote.http11.Http11Processor.service(Http11Processor.java:397)
	at org.apache.coyote.AbstractProcessorLight.process(AbstractProcessorLight.java:63)
	at org.apache.coyote.AbstractProtocol$ConnectionHandler.process(AbstractProtocol.java:905)
	at org.apache.tomcat.util.net.NioEndpoint$SocketProcessor.doRun(NioEndpoint.java:1743)
	at org.apache.tomcat.util.net.SocketProcessorBase.run(SocketProcessorBase.java:52)
	at org.apache.tomcat.util.threads.ThreadPoolExecutor.runWorker(ThreadPoolExecutor.java:1190)
	at org.apache.tomcat.util.threads.ThreadPoolExecutor$Worker.run(ThreadPoolExecutor.java:659)
	at org.apache.tomcat.util.threads.TaskThread$WrappingRunnable.run(TaskThread.java:63)
	at java.base/java.lang.Thread.run(Thread.java:842)
Caused by: com.nimbusds.jose.proc.BadJWSException: Signed JWT rejected: Invalid signature
	at com.nimbusds.jwt.proc.DefaultJWTProcessor.process(DefaultJWTProcessor.java:378)
	at com.nimbusds.jwt.proc.DefaultJWTProcessor.process(DefaultJWTProcessor.java:303)
	at org.springframework.security.oauth2.jwt.NimbusJwtDecoder.createJwt(NimbusJwtDecoder.java:158)
	... 88 common frames omitted
2025-05-06 20:20:35 INFO  com.minh.shopee.ShopeeApplication - Starting ShopeeApplication using Java 17.0.12 with PID 19104 (C:\Users\abcxy\OneDrive\Desktop\workspace\backend\shopee_javaspring\target\classes started by abcxy in C:\Users\abcxy\OneDrive\Desktop\workspace\backend\shopee_javaspring)
2025-05-06 20:20:35 DEBUG com.minh.shopee.ShopeeApplication - Running with Spring Boot v3.4.4, Spring v6.2.5
2025-05-06 20:20:35 INFO  com.minh.shopee.ShopeeApplication - No active profile set, falling back to 1 default profile: "default"
2025-05-06 20:20:41 INFO  com.minh.shopee.ShopeeApplication - Started ShopeeApplication in 7.317 seconds (process running for 568.404)
2025-05-06 21:00:33 INFO  com.minh.shopee.ShopeeApplication - Starting ShopeeApplication using Java 17.0.12 with PID 19104 (C:\Users\abcxy\OneDrive\Desktop\workspace\backend\shopee_javaspring\target\classes started by abcxy in C:\Users\abcxy\OneDrive\Desktop\workspace\backend\shopee_javaspring)
2025-05-06 21:00:33 DEBUG com.minh.shopee.ShopeeApplication - Running with Spring Boot v3.4.4, Spring v6.2.5
2025-05-06 21:00:33 INFO  com.minh.shopee.ShopeeApplication - No active profile set, falling back to 1 default profile: "default"
2025-05-06 21:00:34 INFO  com.minh.shopee.ShopeeApplication - Started ShopeeApplication in 1.41 seconds (process running for 2961.129)
2025-05-06 21:00:36 INFO  com.minh.shopee.ShopeeApplication - Starting ShopeeApplication using Java 17.0.12 with PID 19104 (C:\Users\abcxy\OneDrive\Desktop\workspace\backend\shopee_javaspring\target\classes started by abcxy in C:\Users\abcxy\OneDrive\Desktop\workspace\backend\shopee_javaspring)
2025-05-06 21:00:36 DEBUG com.minh.shopee.ShopeeApplication - Running with Spring Boot v3.4.4, Spring v6.2.5
2025-05-06 21:00:36 INFO  com.minh.shopee.ShopeeApplication - No active profile set, falling back to 1 default profile: "default"
2025-05-06 21:00:37 INFO  com.minh.shopee.ShopeeApplication - Started ShopeeApplication in 1.054 seconds (process running for 2963.849)
2025-05-06 22:00:58 INFO  com.minh.shopee.ShopeeApplication - Starting ShopeeApplication using Java 17.0.12 with PID 10024 (C:\Users\abcxy\OneDrive\Desktop\workspace\backend\shopee_javaspring\target\classes started by abcxy in C:\Users\abcxy\OneDrive\Desktop\workspace\backend\shopee_javaspring)
2025-05-06 22:00:58 DEBUG com.minh.shopee.ShopeeApplication - Running with Spring Boot v3.4.4, Spring v6.2.5
2025-05-06 22:00:58 INFO  com.minh.shopee.ShopeeApplication - No active profile set, falling back to 1 default profile: "default"
2025-05-06 22:01:14 INFO  com.minh.shopee.ShopeeApplication - Started ShopeeApplication in 17.105 seconds (process running for 17.445)
