2025-04-25 14:16:43 INFO  com.minh.shopee.ShopeeApplication - Starting ShopeeApplication using Java 17.0.11 with PID 2216 (C:\Users\OWNER\Desktop\workspace\backend-clone-shopee\target\classes started by OWNER in C:\Users\OWNER\Desktop\workspace\backend-clone-shopee)
2025-04-25 14:16:43 DEBUG com.minh.shopee.ShopeeApplication - Running with Spring Boot v3.4.4, Spring v6.2.5
2025-04-25 14:16:43 INFO  com.minh.shopee.ShopeeApplication - No active profile set, falling back to 1 default profile: "default"
2025-04-25 14:18:46 INFO  com.minh.shopee.ShopeeApplication - Starting ShopeeApplication using Java 17.0.11 with PID 7260 (C:\Users\OWNER\Desktop\workspace\backend-clone-shopee\target\classes started by OWNER in C:\Users\OWNER\Desktop\workspace\backend-clone-shopee)
2025-04-25 14:18:46 DEBUG com.minh.shopee.ShopeeApplication - Running with Spring Boot v3.4.4, Spring v6.2.5
2025-04-25 14:18:46 INFO  com.minh.shopee.ShopeeApplication - No active profile set, falling back to 1 default profile: "default"
2025-04-25 14:20:49 INFO  com.minh.shopee.ShopeeApplication - Starting ShopeeApplication using Java 17.0.11 with PID 9204 (C:\Users\OWNER\Desktop\workspace\backend-clone-shopee\target\classes started by OWNER in C:\Users\OWNER\Desktop\workspace\backend-clone-shopee)
2025-04-25 14:20:49 DEBUG com.minh.shopee.ShopeeApplication - Running with Spring Boot v3.4.4, Spring v6.2.5
2025-04-25 14:20:49 INFO  com.minh.shopee.ShopeeApplication - No active profile set, falling back to 1 default profile: "default"
2025-04-25 14:22:28 INFO  com.minh.shopee.ShopeeApplication - Starting ShopeeApplication using Java 17.0.11 with PID 10428 (C:\Users\OWNER\Desktop\workspace\backend-clone-shopee\target\classes started by OWNER in C:\Users\OWNER\Desktop\workspace\backend-clone-shopee)
2025-04-25 14:22:28 DEBUG com.minh.shopee.ShopeeApplication - Running with Spring Boot v3.4.4, Spring v6.2.5
2025-04-25 14:22:28 INFO  com.minh.shopee.ShopeeApplication - No active profile set, falling back to 1 default profile: "default"
2025-04-25 14:25:41 INFO  com.minh.shopee.ShopeeApplication - Starting ShopeeApplication using Java 17.0.11 with PID 10648 (C:\Users\OWNER\Desktop\workspace\backend-clone-shopee\target\classes started by OWNER in C:\Users\OWNER\Desktop\workspace\backend-clone-shopee)
2025-04-25 14:25:41 DEBUG com.minh.shopee.ShopeeApplication - Running with Spring Boot v3.4.4, Spring v6.2.5
2025-04-25 14:25:41 INFO  com.minh.shopee.ShopeeApplication - No active profile set, falling back to 1 default profile: "default"
2025-04-25 14:26:28 INFO  com.minh.shopee.ShopeeApplication - Starting ShopeeApplication using Java 17.0.11 with PID 936 (C:\Users\OWNER\Desktop\workspace\backend-clone-shopee\target\classes started by OWNER in C:\Users\OWNER\Desktop\workspace\backend-clone-shopee)
2025-04-25 14:26:28 DEBUG com.minh.shopee.ShopeeApplication - Running with Spring Boot v3.4.4, Spring v6.2.5
2025-04-25 14:26:28 INFO  com.minh.shopee.ShopeeApplication - No active profile set, falling back to 1 default profile: "default"
2025-04-25 14:27:16 INFO  com.minh.shopee.ShopeeApplication - Starting ShopeeApplication using Java 17.0.11 with PID 3260 (C:\Users\OWNER\Desktop\workspace\backend-clone-shopee\target\classes started by OWNER in C:\Users\OWNER\Desktop\workspace\backend-clone-shopee)
2025-04-25 14:27:16 DEBUG com.minh.shopee.ShopeeApplication - Running with Spring Boot v3.4.4, Spring v6.2.5
2025-04-25 14:27:16 INFO  com.minh.shopee.ShopeeApplication - No active profile set, falling back to 1 default profile: "default"
2025-04-25 14:29:07 INFO  com.minh.shopee.ShopeeApplication - Starting ShopeeApplication using Java 17.0.11 with PID 9376 (C:\Users\OWNER\Desktop\workspace\backend-clone-shopee\target\classes started by OWNER in C:\Users\OWNER\Desktop\workspace\backend-clone-shopee)
2025-04-25 14:29:07 DEBUG com.minh.shopee.ShopeeApplication - Running with Spring Boot v3.4.4, Spring v6.2.5
2025-04-25 14:29:07 INFO  com.minh.shopee.ShopeeApplication - No active profile set, falling back to 1 default profile: "default"
2025-04-25 14:29:22 INFO  com.minh.shopee.ShopeeApplication - Started ShopeeApplication in 16.355 seconds (process running for 17.281)
2025-04-25 14:31:36 ERROR c.m.shopee.config.JWTConfiguration - JWT Decode Error: An error occurred while attempting to decode the Jwt: Signed JWT rejected: Invalid signature
org.springframework.security.oauth2.jwt.BadJwtException: An error occurred while attempting to decode the Jwt: Signed JWT rejected: Invalid signature
	at org.springframework.security.oauth2.jwt.NimbusJwtDecoder.createJwt(NimbusJwtDecoder.java:184)
	at org.springframework.security.oauth2.jwt.NimbusJwtDecoder.decode(NimbusJwtDecoder.java:138)
	at com.minh.shopee.config.JWTConfiguration.lambda$0(JWTConfiguration.java:64)
	at org.springframework.security.oauth2.server.resource.authentication.JwtAuthenticationProvider.getJwt(JwtAuthenticationProvider.java:99)
	at org.springframework.security.oauth2.server.resource.authentication.JwtAuthenticationProvider.authenticate(JwtAuthenticationProvider.java:88)
	at org.springframework.security.authentication.ProviderManager.authenticate(ProviderManager.java:182)
	at org.springframework.security.authentication.ObservationAuthenticationManager.lambda$authenticate$1(ObservationAuthenticationManager.java:54)
	at io.micrometer.observation.Observation.observe(Observation.java:564)
	at org.springframework.security.authentication.ObservationAuthenticationManager.authenticate(ObservationAuthenticationManager.java:53)
	at org.springframework.security.oauth2.server.resource.web.authentication.BearerTokenAuthenticationFilter.doFilterInternal(BearerTokenAuthenticationFilter.java:137)
	at org.springframework.web.filter.OncePerRequestFilter.doFilter(OncePerRequestFilter.java:116)
	at org.springframework.security.web.ObservationFilterChainDecorator$ObservationFilter.wrapFilter(ObservationFilterChainDecorator.java:240)
	at org.springframework.security.web.ObservationFilterChainDecorator$ObservationFilter.doFilter(ObservationFilterChainDecorator.java:227)
	at org.springframework.security.web.ObservationFilterChainDecorator$VirtualFilterChain.doFilter(ObservationFilterChainDecorator.java:137)
	at org.springframework.security.web.authentication.logout.LogoutFilter.doFilter(LogoutFilter.java:107)
	at org.springframework.security.web.authentication.logout.LogoutFilter.doFilter(LogoutFilter.java:93)
	at org.springframework.security.web.ObservationFilterChainDecorator$ObservationFilter.wrapFilter(ObservationFilterChainDecorator.java:240)
	at org.springframework.security.web.ObservationFilterChainDecorator$ObservationFilter.doFilter(ObservationFilterChainDecorator.java:227)
	at org.springframework.security.web.ObservationFilterChainDecorator$VirtualFilterChain.doFilter(ObservationFilterChainDecorator.java:137)
	at org.springframework.security.web.header.HeaderWriterFilter.doHeadersAfter(HeaderWriterFilter.java:90)
	at org.springframework.security.web.header.HeaderWriterFilter.doFilterInternal(HeaderWriterFilter.java:75)
	at org.springframework.web.filter.OncePerRequestFilter.doFilter(OncePerRequestFilter.java:116)
	at org.springframework.security.web.ObservationFilterChainDecorator$ObservationFilter.wrapFilter(ObservationFilterChainDecorator.java:240)
	at org.springframework.security.web.ObservationFilterChainDecorator$ObservationFilter.doFilter(ObservationFilterChainDecorator.java:227)
	at org.springframework.security.web.ObservationFilterChainDecorator$VirtualFilterChain.doFilter(ObservationFilterChainDecorator.java:137)
	at org.springframework.security.web.context.SecurityContextHolderFilter.doFilter(SecurityContextHolderFilter.java:82)
	at org.springframework.security.web.context.SecurityContextHolderFilter.doFilter(SecurityContextHolderFilter.java:69)
	at org.springframework.security.web.ObservationFilterChainDecorator$ObservationFilter.wrapFilter(ObservationFilterChainDecorator.java:240)
	at org.springframework.security.web.ObservationFilterChainDecorator$ObservationFilter.doFilter(ObservationFilterChainDecorator.java:227)
	at org.springframework.security.web.ObservationFilterChainDecorator$VirtualFilterChain.doFilter(ObservationFilterChainDecorator.java:137)
	at org.springframework.security.web.context.request.async.WebAsyncManagerIntegrationFilter.doFilterInternal(WebAsyncManagerIntegrationFilter.java:62)
	at org.springframework.web.filter.OncePerRequestFilter.doFilter(OncePerRequestFilter.java:116)
	at org.springframework.security.web.ObservationFilterChainDecorator$ObservationFilter.wrapFilter(ObservationFilterChainDecorator.java:240)
	at org.springframework.security.web.ObservationFilterChainDecorator$ObservationFilter.doFilter(ObservationFilterChainDecorator.java:227)
	at org.springframework.security.web.ObservationFilterChainDecorator$VirtualFilterChain.doFilter(ObservationFilterChainDecorator.java:137)
	at org.springframework.security.web.session.DisableEncodeUrlFilter.doFilterInternal(DisableEncodeUrlFilter.java:42)
	at org.springframework.web.filter.OncePerRequestFilter.doFilter(OncePerRequestFilter.java:116)
	at org.springframework.security.web.ObservationFilterChainDecorator$ObservationFilter.wrapFilter(ObservationFilterChainDecorator.java:240)
	at org.springframework.security.web.ObservationFilterChainDecorator$AroundFilterObservation$SimpleAroundFilterObservation.lambda$wrap$0(ObservationFilterChainDecorator.java:323)
	at org.springframework.security.web.ObservationFilterChainDecorator$ObservationFilter.doFilter(ObservationFilterChainDecorator.java:224)
	at org.springframework.security.web.ObservationFilterChainDecorator$VirtualFilterChain.doFilter(ObservationFilterChainDecorator.java:137)
	at org.springframework.security.web.FilterChainProxy.doFilterInternal(FilterChainProxy.java:233)
	at org.springframework.security.web.FilterChainProxy.doFilter(FilterChainProxy.java:191)
	at org.springframework.web.filter.CompositeFilter$VirtualFilterChain.doFilter(CompositeFilter.java:113)
	at org.springframework.web.servlet.handler.HandlerMappingIntrospector.lambda$createCacheFilter$3(HandlerMappingIntrospector.java:243)
	at org.springframework.web.filter.CompositeFilter$VirtualFilterChain.doFilter(CompositeFilter.java:113)
	at org.springframework.web.filter.CompositeFilter.doFilter(CompositeFilter.java:74)
	at org.springframework.security.config.annotation.web.configuration.WebMvcSecurityConfiguration$CompositeFilterChainProxy.doFilter(WebMvcSecurityConfiguration.java:238)
	at org.springframework.web.filter.DelegatingFilterProxy.invokeDelegate(DelegatingFilterProxy.java:362)
	at org.springframework.web.filter.DelegatingFilterProxy.doFilter(DelegatingFilterProxy.java:278)
	at org.apache.catalina.core.ApplicationFilterChain.internalDoFilter(ApplicationFilterChain.java:164)
	at org.apache.catalina.core.ApplicationFilterChain.doFilter(ApplicationFilterChain.java:140)
	at org.springframework.web.filter.RequestContextFilter.doFilterInternal(RequestContextFilter.java:100)
	at org.springframework.web.filter.OncePerRequestFilter.doFilter(OncePerRequestFilter.java:116)
	at org.apache.catalina.core.ApplicationFilterChain.internalDoFilter(ApplicationFilterChain.java:164)
	at org.apache.catalina.core.ApplicationFilterChain.doFilter(ApplicationFilterChain.java:140)
	at org.springframework.web.filter.FormContentFilter.doFilterInternal(FormContentFilter.java:93)
	at org.springframework.web.filter.OncePerRequestFilter.doFilter(OncePerRequestFilter.java:116)
	at org.apache.catalina.core.ApplicationFilterChain.internalDoFilter(ApplicationFilterChain.java:164)
	at org.apache.catalina.core.ApplicationFilterChain.doFilter(ApplicationFilterChain.java:140)
	at org.springframework.web.filter.ServerHttpObservationFilter.doFilterInternal(ServerHttpObservationFilter.java:114)
	at org.springframework.web.filter.OncePerRequestFilter.doFilter(OncePerRequestFilter.java:116)
	at org.apache.catalina.core.ApplicationFilterChain.internalDoFilter(ApplicationFilterChain.java:164)
	at org.apache.catalina.core.ApplicationFilterChain.doFilter(ApplicationFilterChain.java:140)
	at org.springframework.web.filter.CharacterEncodingFilter.doFilterInternal(CharacterEncodingFilter.java:201)
	at org.springframework.web.filter.OncePerRequestFilter.doFilter(OncePerRequestFilter.java:116)
	at org.apache.catalina.core.ApplicationFilterChain.internalDoFilter(ApplicationFilterChain.java:164)
	at org.apache.catalina.core.ApplicationFilterChain.doFilter(ApplicationFilterChain.java:140)
	at org.apache.catalina.core.StandardWrapperValve.invoke(StandardWrapperValve.java:167)
	at org.apache.catalina.core.StandardContextValve.invoke(StandardContextValve.java:90)
	at org.apache.catalina.authenticator.AuthenticatorBase.invoke(AuthenticatorBase.java:483)
	at org.apache.catalina.core.StandardHostValve.invoke(StandardHostValve.java:115)
	at org.apache.catalina.valves.ErrorReportValve.invoke(ErrorReportValve.java:93)
	at org.apache.catalina.core.StandardEngineValve.invoke(StandardEngineValve.java:74)
	at org.apache.catalina.connector.CoyoteAdapter.service(CoyoteAdapter.java:344)
	at org.apache.coyote.http11.Http11Processor.service(Http11Processor.java:397)
	at org.apache.coyote.AbstractProcessorLight.process(AbstractProcessorLight.java:63)
	at org.apache.coyote.AbstractProtocol$ConnectionHandler.process(AbstractProtocol.java:905)
	at org.apache.tomcat.util.net.NioEndpoint$SocketProcessor.doRun(NioEndpoint.java:1743)
	at org.apache.tomcat.util.net.SocketProcessorBase.run(SocketProcessorBase.java:52)
	at org.apache.tomcat.util.threads.ThreadPoolExecutor.runWorker(ThreadPoolExecutor.java:1190)
	at org.apache.tomcat.util.threads.ThreadPoolExecutor$Worker.run(ThreadPoolExecutor.java:659)
	at org.apache.tomcat.util.threads.TaskThread$WrappingRunnable.run(TaskThread.java:63)
	at java.base/java.lang.Thread.run(Thread.java:842)
Caused by: com.nimbusds.jose.proc.BadJWSException: Signed JWT rejected: Invalid signature
	at com.nimbusds.jwt.proc.DefaultJWTProcessor.process(DefaultJWTProcessor.java:378)
	at com.nimbusds.jwt.proc.DefaultJWTProcessor.process(DefaultJWTProcessor.java:303)
	at org.springframework.security.oauth2.jwt.NimbusJwtDecoder.createJwt(NimbusJwtDecoder.java:158)
	... 83 common frames omitted
2025-04-25 14:43:08 ERROR c.m.shopee.config.JWTConfiguration - JWT Decode Error: An error occurred while attempting to decode the Jwt: Signed JWT rejected: Invalid signature
org.springframework.security.oauth2.jwt.BadJwtException: An error occurred while attempting to decode the Jwt: Signed JWT rejected: Invalid signature
	at org.springframework.security.oauth2.jwt.NimbusJwtDecoder.createJwt(NimbusJwtDecoder.java:184)
	at org.springframework.security.oauth2.jwt.NimbusJwtDecoder.decode(NimbusJwtDecoder.java:138)
	at com.minh.shopee.config.JWTConfiguration.lambda$0(JWTConfiguration.java:64)
	at org.springframework.security.oauth2.server.resource.authentication.JwtAuthenticationProvider.getJwt(JwtAuthenticationProvider.java:99)
	at org.springframework.security.oauth2.server.resource.authentication.JwtAuthenticationProvider.authenticate(JwtAuthenticationProvider.java:88)
	at org.springframework.security.authentication.ProviderManager.authenticate(ProviderManager.java:182)
	at org.springframework.security.authentication.ObservationAuthenticationManager.lambda$authenticate$1(ObservationAuthenticationManager.java:54)
	at io.micrometer.observation.Observation.observe(Observation.java:564)
	at org.springframework.security.authentication.ObservationAuthenticationManager.authenticate(ObservationAuthenticationManager.java:53)
	at org.springframework.security.oauth2.server.resource.web.authentication.BearerTokenAuthenticationFilter.doFilterInternal(BearerTokenAuthenticationFilter.java:137)
	at org.springframework.web.filter.OncePerRequestFilter.doFilter(OncePerRequestFilter.java:116)
	at org.springframework.security.web.ObservationFilterChainDecorator$ObservationFilter.wrapFilter(ObservationFilterChainDecorator.java:240)
	at org.springframework.security.web.ObservationFilterChainDecorator$ObservationFilter.doFilter(ObservationFilterChainDecorator.java:227)
	at org.springframework.security.web.ObservationFilterChainDecorator$VirtualFilterChain.doFilter(ObservationFilterChainDecorator.java:137)
	at org.springframework.security.web.authentication.logout.LogoutFilter.doFilter(LogoutFilter.java:107)
	at org.springframework.security.web.authentication.logout.LogoutFilter.doFilter(LogoutFilter.java:93)
	at org.springframework.security.web.ObservationFilterChainDecorator$ObservationFilter.wrapFilter(ObservationFilterChainDecorator.java:240)
	at org.springframework.security.web.ObservationFilterChainDecorator$ObservationFilter.doFilter(ObservationFilterChainDecorator.java:227)
	at org.springframework.security.web.ObservationFilterChainDecorator$VirtualFilterChain.doFilter(ObservationFilterChainDecorator.java:137)
	at org.springframework.security.web.header.HeaderWriterFilter.doHeadersAfter(HeaderWriterFilter.java:90)
	at org.springframework.security.web.header.HeaderWriterFilter.doFilterInternal(HeaderWriterFilter.java:75)
	at org.springframework.web.filter.OncePerRequestFilter.doFilter(OncePerRequestFilter.java:116)
	at org.springframework.security.web.ObservationFilterChainDecorator$ObservationFilter.wrapFilter(ObservationFilterChainDecorator.java:240)
	at org.springframework.security.web.ObservationFilterChainDecorator$ObservationFilter.doFilter(ObservationFilterChainDecorator.java:227)
	at org.springframework.security.web.ObservationFilterChainDecorator$VirtualFilterChain.doFilter(ObservationFilterChainDecorator.java:137)
	at org.springframework.security.web.context.SecurityContextHolderFilter.doFilter(SecurityContextHolderFilter.java:82)
	at org.springframework.security.web.context.SecurityContextHolderFilter.doFilter(SecurityContextHolderFilter.java:69)
	at org.springframework.security.web.ObservationFilterChainDecorator$ObservationFilter.wrapFilter(ObservationFilterChainDecorator.java:240)
	at org.springframework.security.web.ObservationFilterChainDecorator$ObservationFilter.doFilter(ObservationFilterChainDecorator.java:227)
	at org.springframework.security.web.ObservationFilterChainDecorator$VirtualFilterChain.doFilter(ObservationFilterChainDecorator.java:137)
	at org.springframework.security.web.context.request.async.WebAsyncManagerIntegrationFilter.doFilterInternal(WebAsyncManagerIntegrationFilter.java:62)
	at org.springframework.web.filter.OncePerRequestFilter.doFilter(OncePerRequestFilter.java:116)
	at org.springframework.security.web.ObservationFilterChainDecorator$ObservationFilter.wrapFilter(ObservationFilterChainDecorator.java:240)
	at org.springframework.security.web.ObservationFilterChainDecorator$ObservationFilter.doFilter(ObservationFilterChainDecorator.java:227)
	at org.springframework.security.web.ObservationFilterChainDecorator$VirtualFilterChain.doFilter(ObservationFilterChainDecorator.java:137)
	at org.springframework.security.web.session.DisableEncodeUrlFilter.doFilterInternal(DisableEncodeUrlFilter.java:42)
	at org.springframework.web.filter.OncePerRequestFilter.doFilter(OncePerRequestFilter.java:116)
	at org.springframework.security.web.ObservationFilterChainDecorator$ObservationFilter.wrapFilter(ObservationFilterChainDecorator.java:240)
	at org.springframework.security.web.ObservationFilterChainDecorator$AroundFilterObservation$SimpleAroundFilterObservation.lambda$wrap$0(ObservationFilterChainDecorator.java:323)
	at org.springframework.security.web.ObservationFilterChainDecorator$ObservationFilter.doFilter(ObservationFilterChainDecorator.java:224)
	at org.springframework.security.web.ObservationFilterChainDecorator$VirtualFilterChain.doFilter(ObservationFilterChainDecorator.java:137)
	at org.springframework.security.web.FilterChainProxy.doFilterInternal(FilterChainProxy.java:233)
	at org.springframework.security.web.FilterChainProxy.doFilter(FilterChainProxy.java:191)
	at org.springframework.web.filter.CompositeFilter$VirtualFilterChain.doFilter(CompositeFilter.java:113)
	at org.springframework.web.servlet.handler.HandlerMappingIntrospector.lambda$createCacheFilter$3(HandlerMappingIntrospector.java:243)
	at org.springframework.web.filter.CompositeFilter$VirtualFilterChain.doFilter(CompositeFilter.java:113)
	at org.springframework.web.filter.CompositeFilter.doFilter(CompositeFilter.java:74)
	at org.springframework.security.config.annotation.web.configuration.WebMvcSecurityConfiguration$CompositeFilterChainProxy.doFilter(WebMvcSecurityConfiguration.java:238)
	at org.springframework.web.filter.DelegatingFilterProxy.invokeDelegate(DelegatingFilterProxy.java:362)
	at org.springframework.web.filter.DelegatingFilterProxy.doFilter(DelegatingFilterProxy.java:278)
	at org.apache.catalina.core.ApplicationFilterChain.internalDoFilter(ApplicationFilterChain.java:164)
	at org.apache.catalina.core.ApplicationFilterChain.doFilter(ApplicationFilterChain.java:140)
	at org.springframework.web.filter.RequestContextFilter.doFilterInternal(RequestContextFilter.java:100)
	at org.springframework.web.filter.OncePerRequestFilter.doFilter(OncePerRequestFilter.java:116)
	at org.apache.catalina.core.ApplicationFilterChain.internalDoFilter(ApplicationFilterChain.java:164)
	at org.apache.catalina.core.ApplicationFilterChain.doFilter(ApplicationFilterChain.java:140)
	at org.springframework.web.filter.FormContentFilter.doFilterInternal(FormContentFilter.java:93)
	at org.springframework.web.filter.OncePerRequestFilter.doFilter(OncePerRequestFilter.java:116)
	at org.apache.catalina.core.ApplicationFilterChain.internalDoFilter(ApplicationFilterChain.java:164)
	at org.apache.catalina.core.ApplicationFilterChain.doFilter(ApplicationFilterChain.java:140)
	at org.springframework.web.filter.ServerHttpObservationFilter.doFilterInternal(ServerHttpObservationFilter.java:114)
	at org.springframework.web.filter.OncePerRequestFilter.doFilter(OncePerRequestFilter.java:116)
	at org.apache.catalina.core.ApplicationFilterChain.internalDoFilter(ApplicationFilterChain.java:164)
	at org.apache.catalina.core.ApplicationFilterChain.doFilter(ApplicationFilterChain.java:140)
	at org.springframework.web.filter.CharacterEncodingFilter.doFilterInternal(CharacterEncodingFilter.java:201)
	at org.springframework.web.filter.OncePerRequestFilter.doFilter(OncePerRequestFilter.java:116)
	at org.apache.catalina.core.ApplicationFilterChain.internalDoFilter(ApplicationFilterChain.java:164)
	at org.apache.catalina.core.ApplicationFilterChain.doFilter(ApplicationFilterChain.java:140)
	at org.apache.catalina.core.StandardWrapperValve.invoke(StandardWrapperValve.java:167)
	at org.apache.catalina.core.StandardContextValve.invoke(StandardContextValve.java:90)
	at org.apache.catalina.authenticator.AuthenticatorBase.invoke(AuthenticatorBase.java:483)
	at org.apache.catalina.core.StandardHostValve.invoke(StandardHostValve.java:115)
	at org.apache.catalina.valves.ErrorReportValve.invoke(ErrorReportValve.java:93)
	at org.apache.catalina.core.StandardEngineValve.invoke(StandardEngineValve.java:74)
	at org.apache.catalina.connector.CoyoteAdapter.service(CoyoteAdapter.java:344)
	at org.apache.coyote.http11.Http11Processor.service(Http11Processor.java:397)
	at org.apache.coyote.AbstractProcessorLight.process(AbstractProcessorLight.java:63)
	at org.apache.coyote.AbstractProtocol$ConnectionHandler.process(AbstractProtocol.java:905)
	at org.apache.tomcat.util.net.NioEndpoint$SocketProcessor.doRun(NioEndpoint.java:1743)
	at org.apache.tomcat.util.net.SocketProcessorBase.run(SocketProcessorBase.java:52)
	at org.apache.tomcat.util.threads.ThreadPoolExecutor.runWorker(ThreadPoolExecutor.java:1190)
	at org.apache.tomcat.util.threads.ThreadPoolExecutor$Worker.run(ThreadPoolExecutor.java:659)
	at org.apache.tomcat.util.threads.TaskThread$WrappingRunnable.run(TaskThread.java:63)
	at java.base/java.lang.Thread.run(Thread.java:842)
Caused by: com.nimbusds.jose.proc.BadJWSException: Signed JWT rejected: Invalid signature
	at com.nimbusds.jwt.proc.DefaultJWTProcessor.process(DefaultJWTProcessor.java:378)
	at com.nimbusds.jwt.proc.DefaultJWTProcessor.process(DefaultJWTProcessor.java:303)
	at org.springframework.security.oauth2.jwt.NimbusJwtDecoder.createJwt(NimbusJwtDecoder.java:158)
	... 83 common frames omitted
2025-04-25 14:46:07 INFO  com.minh.shopee.ShopeeApplication - Starting ShopeeApplication using Java 17.0.11 with PID 9376 (C:\Users\OWNER\Desktop\workspace\backend-clone-shopee\target\classes started by OWNER in C:\Users\OWNER\Desktop\workspace\backend-clone-shopee)
2025-04-25 14:46:07 DEBUG com.minh.shopee.ShopeeApplication - Running with Spring Boot v3.4.4, Spring v6.2.5
2025-04-25 14:46:07 INFO  com.minh.shopee.ShopeeApplication - No active profile set, falling back to 1 default profile: "default"
2025-04-25 14:46:30 INFO  com.minh.shopee.ShopeeApplication - Started ShopeeApplication in 23.039 seconds (process running for 1045.1)
2025-04-25 14:46:32 INFO  com.minh.shopee.ShopeeApplication - Starting ShopeeApplication using Java 17.0.11 with PID 9376 (C:\Users\OWNER\Desktop\workspace\backend-clone-shopee\target\classes started by OWNER in C:\Users\OWNER\Desktop\workspace\backend-clone-shopee)
2025-04-25 14:46:32 DEBUG com.minh.shopee.ShopeeApplication - Running with Spring Boot v3.4.4, Spring v6.2.5
2025-04-25 14:46:32 INFO  com.minh.shopee.ShopeeApplication - No active profile set, falling back to 1 default profile: "default"
2025-04-25 14:46:37 INFO  com.minh.shopee.ShopeeApplication - Started ShopeeApplication in 5.315 seconds (process running for 1051.844)
2025-04-25 14:46:38 INFO  com.minh.shopee.ShopeeApplication - Starting ShopeeApplication using Java 17.0.11 with PID 9376 (C:\Users\OWNER\Desktop\workspace\backend-clone-shopee\target\classes started by OWNER in C:\Users\OWNER\Desktop\workspace\backend-clone-shopee)
2025-04-25 14:46:38 DEBUG com.minh.shopee.ShopeeApplication - Running with Spring Boot v3.4.4, Spring v6.2.5
2025-04-25 14:46:38 INFO  com.minh.shopee.ShopeeApplication - No active profile set, falling back to 1 default profile: "default"
2025-04-25 14:46:41 INFO  com.minh.shopee.ShopeeApplication - Started ShopeeApplication in 2.976 seconds (process running for 1056.159)
2025-04-25 14:47:48 INFO  com.minh.shopee.ShopeeApplication - Starting ShopeeApplication using Java 17.0.11 with PID 9376 (C:\Users\OWNER\Desktop\workspace\backend-clone-shopee\target\classes started by OWNER in C:\Users\OWNER\Desktop\workspace\backend-clone-shopee)
2025-04-25 14:47:48 DEBUG com.minh.shopee.ShopeeApplication - Running with Spring Boot v3.4.4, Spring v6.2.5
2025-04-25 14:47:48 INFO  com.minh.shopee.ShopeeApplication - No active profile set, falling back to 1 default profile: "default"
2025-04-25 14:48:07 INFO  com.minh.shopee.ShopeeApplication - Starting ShopeeApplication using Java 17.0.11 with PID 9376 (C:\Users\OWNER\Desktop\workspace\backend-clone-shopee\target\classes started by OWNER in C:\Users\OWNER\Desktop\workspace\backend-clone-shopee)
2025-04-25 14:48:07 DEBUG com.minh.shopee.ShopeeApplication - Running with Spring Boot v3.4.4, Spring v6.2.5
2025-04-25 14:48:07 INFO  com.minh.shopee.ShopeeApplication - No active profile set, falling back to 1 default profile: "default"
2025-04-25 14:48:10 INFO  com.minh.shopee.ShopeeApplication - Started ShopeeApplication in 3.151 seconds (process running for 1144.579)
2025-04-25 14:48:28 INFO  com.minh.shopee.ShopeeApplication - Starting ShopeeApplication using Java 17.0.11 with PID 9376 (C:\Users\OWNER\Desktop\workspace\backend-clone-shopee\target\classes started by OWNER in C:\Users\OWNER\Desktop\workspace\backend-clone-shopee)
2025-04-25 14:48:28 DEBUG com.minh.shopee.ShopeeApplication - Running with Spring Boot v3.4.4, Spring v6.2.5
2025-04-25 14:48:28 INFO  com.minh.shopee.ShopeeApplication - No active profile set, falling back to 1 default profile: "default"
2025-04-25 14:48:32 INFO  com.minh.shopee.ShopeeApplication - Started ShopeeApplication in 3.214 seconds (process running for 1166.493)
2025-04-25 14:49:13 INFO  com.minh.shopee.ShopeeApplication - Starting ShopeeApplication using Java 17.0.11 with PID 9376 (C:\Users\OWNER\Desktop\workspace\backend-clone-shopee\target\classes started by OWNER in C:\Users\OWNER\Desktop\workspace\backend-clone-shopee)
2025-04-25 14:49:13 DEBUG com.minh.shopee.ShopeeApplication - Running with Spring Boot v3.4.4, Spring v6.2.5
2025-04-25 14:49:13 INFO  com.minh.shopee.ShopeeApplication - No active profile set, falling back to 1 default profile: "default"
2025-04-25 14:49:53 INFO  com.minh.shopee.ShopeeApplication - Starting ShopeeApplication using Java 17.0.11 with PID 9376 (C:\Users\OWNER\Desktop\workspace\backend-clone-shopee\target\classes started by OWNER in C:\Users\OWNER\Desktop\workspace\backend-clone-shopee)
2025-04-25 14:49:53 DEBUG com.minh.shopee.ShopeeApplication - Running with Spring Boot v3.4.4, Spring v6.2.5
2025-04-25 14:49:53 INFO  com.minh.shopee.ShopeeApplication - No active profile set, falling back to 1 default profile: "default"
2025-04-25 14:50:17 INFO  com.minh.shopee.ShopeeApplication - Starting ShopeeApplication using Java 17.0.11 with PID 9376 (C:\Users\OWNER\Desktop\workspace\backend-clone-shopee\target\classes started by OWNER in C:\Users\OWNER\Desktop\workspace\backend-clone-shopee)
2025-04-25 14:50:17 DEBUG com.minh.shopee.ShopeeApplication - Running with Spring Boot v3.4.4, Spring v6.2.5
2025-04-25 14:50:17 INFO  com.minh.shopee.ShopeeApplication - No active profile set, falling back to 1 default profile: "default"
2025-04-25 14:51:33 INFO  com.minh.shopee.ShopeeApplication - Starting ShopeeApplication using Java 17.0.11 with PID 9376 (C:\Users\OWNER\Desktop\workspace\backend-clone-shopee\target\classes started by OWNER in C:\Users\OWNER\Desktop\workspace\backend-clone-shopee)
2025-04-25 14:51:33 DEBUG com.minh.shopee.ShopeeApplication - Running with Spring Boot v3.4.4, Spring v6.2.5
2025-04-25 14:51:33 INFO  com.minh.shopee.ShopeeApplication - No active profile set, falling back to 1 default profile: "default"
2025-04-25 14:52:30 INFO  com.minh.shopee.ShopeeApplication - Starting ShopeeApplication using Java 17.0.11 with PID 9376 (C:\Users\OWNER\Desktop\workspace\backend-clone-shopee\target\classes started by OWNER in C:\Users\OWNER\Desktop\workspace\backend-clone-shopee)
2025-04-25 14:52:30 DEBUG com.minh.shopee.ShopeeApplication - Running with Spring Boot v3.4.4, Spring v6.2.5
2025-04-25 14:52:30 INFO  com.minh.shopee.ShopeeApplication - No active profile set, falling back to 1 default profile: "default"
2025-04-25 14:57:16 INFO  com.minh.shopee.ShopeeApplication - Starting ShopeeApplication using Java 17.0.11 with PID 12208 (C:\Users\OWNER\Desktop\workspace\backend-clone-shopee\target\classes started by OWNER in C:\Users\OWNER\Desktop\workspace\backend-clone-shopee)
2025-04-25 14:57:16 DEBUG com.minh.shopee.ShopeeApplication - Running with Spring Boot v3.4.4, Spring v6.2.5
2025-04-25 14:57:16 INFO  com.minh.shopee.ShopeeApplication - No active profile set, falling back to 1 default profile: "default"
2025-04-25 14:57:35 INFO  com.minh.shopee.ShopeeApplication - Started ShopeeApplication in 20.552 seconds (process running for 21.518)
2025-04-25 14:58:08 INFO  com.minh.shopee.ShopeeApplication - Starting ShopeeApplication using Java 17.0.11 with PID 12208 (C:\Users\OWNER\Desktop\workspace\backend-clone-shopee\target\classes started by OWNER in C:\Users\OWNER\Desktop\workspace\backend-clone-shopee)
2025-04-25 14:58:08 DEBUG com.minh.shopee.ShopeeApplication - Running with Spring Boot v3.4.4, Spring v6.2.5
2025-04-25 14:58:08 INFO  com.minh.shopee.ShopeeApplication - No active profile set, falling back to 1 default profile: "default"
2025-04-25 14:58:13 INFO  com.minh.shopee.ShopeeApplication - Started ShopeeApplication in 5.1 seconds (process running for 59.39)
2025-04-25 14:58:40 INFO  com.minh.shopee.ShopeeApplication - Starting ShopeeApplication using Java 17.0.11 with PID 12208 (C:\Users\OWNER\Desktop\workspace\backend-clone-shopee\target\classes started by OWNER in C:\Users\OWNER\Desktop\workspace\backend-clone-shopee)
2025-04-25 14:58:40 DEBUG com.minh.shopee.ShopeeApplication - Running with Spring Boot v3.4.4, Spring v6.2.5
2025-04-25 14:58:40 INFO  com.minh.shopee.ShopeeApplication - No active profile set, falling back to 1 default profile: "default"
2025-04-25 14:58:44 INFO  com.minh.shopee.ShopeeApplication - Started ShopeeApplication in 3.818 seconds (process running for 90.102)
2025-04-25 14:59:33 INFO  com.minh.shopee.ShopeeApplication - Starting ShopeeApplication using Java 17.0.11 with PID 12208 (C:\Users\OWNER\Desktop\workspace\backend-clone-shopee\target\classes started by OWNER in C:\Users\OWNER\Desktop\workspace\backend-clone-shopee)
2025-04-25 14:59:33 DEBUG com.minh.shopee.ShopeeApplication - Running with Spring Boot v3.4.4, Spring v6.2.5
2025-04-25 14:59:33 INFO  com.minh.shopee.ShopeeApplication - No active profile set, falling back to 1 default profile: "default"
2025-04-25 14:59:41 INFO  com.minh.shopee.ShopeeApplication - Started ShopeeApplication in 8.427 seconds (process running for 147.272)
2025-04-25 14:59:42 INFO  com.minh.shopee.ShopeeApplication - Starting ShopeeApplication using Java 17.0.11 with PID 12208 (C:\Users\OWNER\Desktop\workspace\backend-clone-shopee\target\classes started by OWNER in C:\Users\OWNER\Desktop\workspace\backend-clone-shopee)
2025-04-25 14:59:42 DEBUG com.minh.shopee.ShopeeApplication - Running with Spring Boot v3.4.4, Spring v6.2.5
2025-04-25 14:59:42 INFO  com.minh.shopee.ShopeeApplication - No active profile set, falling back to 1 default profile: "default"
2025-04-25 14:59:45 INFO  com.minh.shopee.ShopeeApplication - Started ShopeeApplication in 2.94 seconds (process running for 151.56)
2025-04-25 14:59:52 INFO  com.minh.shopee.ShopeeApplication - Starting ShopeeApplication using Java 17.0.11 with PID 12208 (C:\Users\OWNER\Desktop\workspace\backend-clone-shopee\target\classes started by OWNER in C:\Users\OWNER\Desktop\workspace\backend-clone-shopee)
2025-04-25 14:59:52 DEBUG com.minh.shopee.ShopeeApplication - Running with Spring Boot v3.4.4, Spring v6.2.5
2025-04-25 14:59:52 INFO  com.minh.shopee.ShopeeApplication - No active profile set, falling back to 1 default profile: "default"
2025-04-25 14:59:55 INFO  com.minh.shopee.ShopeeApplication - Started ShopeeApplication in 3.246 seconds (process running for 161.384)
2025-04-25 15:01:54 INFO  com.minh.shopee.ShopeeApplication - Starting ShopeeApplication using Java 17.0.11 with PID 12208 (C:\Users\OWNER\Desktop\workspace\backend-clone-shopee\target\classes started by OWNER in C:\Users\OWNER\Desktop\workspace\backend-clone-shopee)
2025-04-25 15:01:54 DEBUG com.minh.shopee.ShopeeApplication - Running with Spring Boot v3.4.4, Spring v6.2.5
2025-04-25 15:01:54 INFO  com.minh.shopee.ShopeeApplication - No active profile set, falling back to 1 default profile: "default"
2025-04-25 15:01:56 INFO  com.minh.shopee.ShopeeApplication - Started ShopeeApplication in 2.288 seconds (process running for 282.932)
2025-04-25 15:13:43 INFO  com.minh.shopee.ShopeeApplication - Starting ShopeeApplication using Java 17.0.11 with PID 12208 (C:\Users\OWNER\Desktop\workspace\backend-clone-shopee\target\classes started by OWNER in C:\Users\OWNER\Desktop\workspace\backend-clone-shopee)
2025-04-25 15:13:43 DEBUG com.minh.shopee.ShopeeApplication - Running with Spring Boot v3.4.4, Spring v6.2.5
2025-04-25 15:13:43 INFO  com.minh.shopee.ShopeeApplication - No active profile set, falling back to 1 default profile: "default"
2025-04-25 15:13:46 INFO  com.minh.shopee.ShopeeApplication - Started ShopeeApplication in 2.878 seconds (process running for 992.208)
2025-04-25 15:14:41 INFO  com.minh.shopee.ShopeeApplication - Starting ShopeeApplication using Java 17.0.11 with PID 12208 (C:\Users\OWNER\Desktop\workspace\backend-clone-shopee\target\classes started by OWNER in C:\Users\OWNER\Desktop\workspace\backend-clone-shopee)
2025-04-25 15:14:41 DEBUG com.minh.shopee.ShopeeApplication - Running with Spring Boot v3.4.4, Spring v6.2.5
2025-04-25 15:14:41 INFO  com.minh.shopee.ShopeeApplication - No active profile set, falling back to 1 default profile: "default"
2025-04-25 15:14:44 INFO  com.minh.shopee.ShopeeApplication - Started ShopeeApplication in 2.834 seconds (process running for 1050.672)
2025-04-25 15:14:46 INFO  com.minh.shopee.ShopeeApplication - Starting ShopeeApplication using Java 17.0.11 with PID 12208 (C:\Users\OWNER\Desktop\workspace\backend-clone-shopee\target\classes started by OWNER in C:\Users\OWNER\Desktop\workspace\backend-clone-shopee)
2025-04-25 15:14:46 DEBUG com.minh.shopee.ShopeeApplication - Running with Spring Boot v3.4.4, Spring v6.2.5
2025-04-25 15:14:46 INFO  com.minh.shopee.ShopeeApplication - No active profile set, falling back to 1 default profile: "default"
2025-04-25 15:14:48 INFO  com.minh.shopee.ShopeeApplication - Started ShopeeApplication in 2.587 seconds (process running for 1054.698)
2025-04-25 15:15:56 INFO  com.minh.shopee.ShopeeApplication - Starting ShopeeApplication using Java 17.0.11 with PID 12208 (C:\Users\OWNER\Desktop\workspace\backend-clone-shopee\target\classes started by OWNER in C:\Users\OWNER\Desktop\workspace\backend-clone-shopee)
2025-04-25 15:15:56 DEBUG com.minh.shopee.ShopeeApplication - Running with Spring Boot v3.4.4, Spring v6.2.5
2025-04-25 15:15:56 INFO  com.minh.shopee.ShopeeApplication - No active profile set, falling back to 1 default profile: "default"
2025-04-25 15:15:59 INFO  com.minh.shopee.ShopeeApplication - Started ShopeeApplication in 2.586 seconds (process running for 1125.372)
2025-04-25 15:16:49 INFO  com.minh.shopee.ShopeeApplication - Starting ShopeeApplication using Java 17.0.11 with PID 12208 (C:\Users\OWNER\Desktop\workspace\backend-clone-shopee\target\classes started by OWNER in C:\Users\OWNER\Desktop\workspace\backend-clone-shopee)
2025-04-25 15:16:49 DEBUG com.minh.shopee.ShopeeApplication - Running with Spring Boot v3.4.4, Spring v6.2.5
2025-04-25 15:16:49 INFO  com.minh.shopee.ShopeeApplication - No active profile set, falling back to 1 default profile: "default"
2025-04-25 15:16:54 INFO  com.minh.shopee.ShopeeApplication - Started ShopeeApplication in 4.515 seconds (process running for 1180.148)
2025-04-25 15:16:55 INFO  com.minh.shopee.ShopeeApplication - Starting ShopeeApplication using Java 17.0.11 with PID 12208 (C:\Users\OWNER\Desktop\workspace\backend-clone-shopee\target\classes started by OWNER in C:\Users\OWNER\Desktop\workspace\backend-clone-shopee)
2025-04-25 15:16:55 DEBUG com.minh.shopee.ShopeeApplication - Running with Spring Boot v3.4.4, Spring v6.2.5
2025-04-25 15:16:55 INFO  com.minh.shopee.ShopeeApplication - No active profile set, falling back to 1 default profile: "default"
2025-04-25 15:16:57 INFO  com.minh.shopee.ShopeeApplication - Started ShopeeApplication in 1.893 seconds (process running for 1183.341)
2025-04-25 15:19:42 INFO  com.minh.shopee.ShopeeApplication - Starting ShopeeApplication using Java 17.0.11 with PID 12208 (C:\Users\OWNER\Desktop\workspace\backend-clone-shopee\target\classes started by OWNER in C:\Users\OWNER\Desktop\workspace\backend-clone-shopee)
2025-04-25 15:19:42 DEBUG com.minh.shopee.ShopeeApplication - Running with Spring Boot v3.4.4, Spring v6.2.5
2025-04-25 15:19:42 INFO  com.minh.shopee.ShopeeApplication - No active profile set, falling back to 1 default profile: "default"
2025-04-25 15:19:44 INFO  com.minh.shopee.ShopeeApplication - Started ShopeeApplication in 2.325 seconds (process running for 1350.559)
2025-04-25 15:19:53 INFO  com.minh.shopee.ShopeeApplication - Starting ShopeeApplication using Java 17.0.11 with PID 12208 (C:\Users\OWNER\Desktop\workspace\backend-clone-shopee\target\classes started by OWNER in C:\Users\OWNER\Desktop\workspace\backend-clone-shopee)
2025-04-25 15:19:53 DEBUG com.minh.shopee.ShopeeApplication - Running with Spring Boot v3.4.4, Spring v6.2.5
2025-04-25 15:19:53 INFO  com.minh.shopee.ShopeeApplication - No active profile set, falling back to 1 default profile: "default"
2025-04-25 15:19:55 INFO  com.minh.shopee.ShopeeApplication - Started ShopeeApplication in 2.039 seconds (process running for 1361.326)
2025-04-25 15:29:25 INFO  com.minh.shopee.ShopeeApplication - Starting ShopeeApplication using Java 17.0.11 with PID 12208 (C:\Users\OWNER\Desktop\workspace\backend-clone-shopee\target\classes started by OWNER in C:\Users\OWNER\Desktop\workspace\backend-clone-shopee)
2025-04-25 15:29:25 DEBUG com.minh.shopee.ShopeeApplication - Running with Spring Boot v3.4.4, Spring v6.2.5
2025-04-25 15:29:25 INFO  com.minh.shopee.ShopeeApplication - No active profile set, falling back to 1 default profile: "default"
2025-04-25 15:29:29 INFO  com.minh.shopee.ShopeeApplication - Started ShopeeApplication in 3.512 seconds (process running for 1935.399)
2025-04-25 15:30:50 INFO  com.minh.shopee.ShopeeApplication - Starting ShopeeApplication using Java 17.0.11 with PID 12208 (C:\Users\OWNER\Desktop\workspace\backend-clone-shopee\target\classes started by OWNER in C:\Users\OWNER\Desktop\workspace\backend-clone-shopee)
2025-04-25 15:30:50 DEBUG com.minh.shopee.ShopeeApplication - Running with Spring Boot v3.4.4, Spring v6.2.5
2025-04-25 15:30:50 INFO  com.minh.shopee.ShopeeApplication - No active profile set, falling back to 1 default profile: "default"
2025-04-25 15:30:55 INFO  com.minh.shopee.ShopeeApplication - Started ShopeeApplication in 4.225 seconds (process running for 2021.142)
2025-04-25 15:30:57 INFO  com.minh.shopee.ShopeeApplication - Starting ShopeeApplication using Java 17.0.11 with PID 12208 (C:\Users\OWNER\Desktop\workspace\backend-clone-shopee\target\classes started by OWNER in C:\Users\OWNER\Desktop\workspace\backend-clone-shopee)
2025-04-25 15:30:57 DEBUG com.minh.shopee.ShopeeApplication - Running with Spring Boot v3.4.4, Spring v6.2.5
2025-04-25 15:30:57 INFO  com.minh.shopee.ShopeeApplication - No active profile set, falling back to 1 default profile: "default"
2025-04-25 15:31:11 INFO  com.minh.shopee.ShopeeApplication - Started ShopeeApplication in 14.716 seconds (process running for 2037.824)
2025-04-25 15:31:12 INFO  com.minh.shopee.ShopeeApplication - Starting ShopeeApplication using Java 17.0.11 with PID 12208 (C:\Users\OWNER\Desktop\workspace\backend-clone-shopee\target\classes started by OWNER in C:\Users\OWNER\Desktop\workspace\backend-clone-shopee)
2025-04-25 15:31:12 DEBUG com.minh.shopee.ShopeeApplication - Running with Spring Boot v3.4.4, Spring v6.2.5
2025-04-25 15:31:12 INFO  com.minh.shopee.ShopeeApplication - No active profile set, falling back to 1 default profile: "default"
2025-04-25 15:31:18 INFO  com.minh.shopee.ShopeeApplication - Started ShopeeApplication in 6.38 seconds (process running for 2044.956)
2025-04-25 15:31:20 INFO  com.minh.shopee.ShopeeApplication - Starting ShopeeApplication using Java 17.0.11 with PID 12208 (C:\Users\OWNER\Desktop\workspace\backend-clone-shopee\target\classes started by OWNER in C:\Users\OWNER\Desktop\workspace\backend-clone-shopee)
2025-04-25 15:31:20 DEBUG com.minh.shopee.ShopeeApplication - Running with Spring Boot v3.4.4, Spring v6.2.5
2025-04-25 15:31:20 INFO  com.minh.shopee.ShopeeApplication - No active profile set, falling back to 1 default profile: "default"
2025-04-25 15:31:22 INFO  com.minh.shopee.ShopeeApplication - Started ShopeeApplication in 2.564 seconds (process running for 2048.616)
2025-04-25 15:33:00 INFO  com.minh.shopee.ShopeeApplication - Starting ShopeeApplication using Java 17.0.11 with PID 12208 (C:\Users\OWNER\Desktop\workspace\backend-clone-shopee\target\classes started by OWNER in C:\Users\OWNER\Desktop\workspace\backend-clone-shopee)
2025-04-25 15:33:00 DEBUG com.minh.shopee.ShopeeApplication - Running with Spring Boot v3.4.4, Spring v6.2.5
2025-04-25 15:33:00 INFO  com.minh.shopee.ShopeeApplication - No active profile set, falling back to 1 default profile: "default"
2025-04-25 15:33:03 INFO  com.minh.shopee.ShopeeApplication - Started ShopeeApplication in 3.614 seconds (process running for 2149.795)
2025-04-25 15:33:14 INFO  com.minh.shopee.ShopeeApplication - Starting ShopeeApplication using Java 17.0.11 with PID 12208 (C:\Users\OWNER\Desktop\workspace\backend-clone-shopee\target\classes started by OWNER in C:\Users\OWNER\Desktop\workspace\backend-clone-shopee)
2025-04-25 15:33:14 DEBUG com.minh.shopee.ShopeeApplication - Running with Spring Boot v3.4.4, Spring v6.2.5
2025-04-25 15:33:14 INFO  com.minh.shopee.ShopeeApplication - No active profile set, falling back to 1 default profile: "default"
2025-04-25 15:33:16 INFO  com.minh.shopee.ShopeeApplication - Started ShopeeApplication in 2.289 seconds (process running for 2163.008)
2025-04-25 15:33:25 INFO  com.minh.shopee.ShopeeApplication - Starting ShopeeApplication using Java 17.0.11 with PID 12208 (C:\Users\OWNER\Desktop\workspace\backend-clone-shopee\target\classes started by OWNER in C:\Users\OWNER\Desktop\workspace\backend-clone-shopee)
2025-04-25 15:33:25 DEBUG com.minh.shopee.ShopeeApplication - Running with Spring Boot v3.4.4, Spring v6.2.5
2025-04-25 15:33:25 INFO  com.minh.shopee.ShopeeApplication - No active profile set, falling back to 1 default profile: "default"
2025-04-25 15:33:32 INFO  com.minh.shopee.ShopeeApplication - Started ShopeeApplication in 7.106 seconds (process running for 2178.695)
2025-04-25 15:33:33 INFO  com.minh.shopee.ShopeeApplication - Starting ShopeeApplication using Java 17.0.11 with PID 12208 (C:\Users\OWNER\Desktop\workspace\backend-clone-shopee\target\classes started by OWNER in C:\Users\OWNER\Desktop\workspace\backend-clone-shopee)
2025-04-25 15:33:33 DEBUG com.minh.shopee.ShopeeApplication - Running with Spring Boot v3.4.4, Spring v6.2.5
2025-04-25 15:33:33 INFO  com.minh.shopee.ShopeeApplication - No active profile set, falling back to 1 default profile: "default"
2025-04-25 15:33:39 INFO  com.minh.shopee.ShopeeApplication - Started ShopeeApplication in 5.384 seconds (process running for 2185.243)
2025-04-25 15:33:54 INFO  com.minh.shopee.ShopeeApplication - Starting ShopeeApplication using Java 17.0.11 with PID 12208 (C:\Users\OWNER\Desktop\workspace\backend-clone-shopee\target\classes started by OWNER in C:\Users\OWNER\Desktop\workspace\backend-clone-shopee)
2025-04-25 15:33:54 DEBUG com.minh.shopee.ShopeeApplication - Running with Spring Boot v3.4.4, Spring v6.2.5
2025-04-25 15:33:54 INFO  com.minh.shopee.ShopeeApplication - No active profile set, falling back to 1 default profile: "default"
2025-04-25 15:33:56 INFO  com.minh.shopee.ShopeeApplication - Started ShopeeApplication in 2.521 seconds (process running for 2202.694)
2025-04-25 15:34:21 INFO  com.minh.shopee.ShopeeApplication - Starting ShopeeApplication using Java 17.0.11 with PID 12208 (C:\Users\OWNER\Desktop\workspace\backend-clone-shopee\target\classes started by OWNER in C:\Users\OWNER\Desktop\workspace\backend-clone-shopee)
2025-04-25 15:34:21 DEBUG com.minh.shopee.ShopeeApplication - Running with Spring Boot v3.4.4, Spring v6.2.5
2025-04-25 15:34:21 INFO  com.minh.shopee.ShopeeApplication - No active profile set, falling back to 1 default profile: "default"
2025-04-25 15:34:23 INFO  com.minh.shopee.ShopeeApplication - Started ShopeeApplication in 2.244 seconds (process running for 2229.427)
2025-04-25 15:34:50 INFO  com.minh.shopee.ShopeeApplication - Starting ShopeeApplication using Java 17.0.11 with PID 12208 (C:\Users\OWNER\Desktop\workspace\backend-clone-shopee\target\classes started by OWNER in C:\Users\OWNER\Desktop\workspace\backend-clone-shopee)
2025-04-25 15:34:50 DEBUG com.minh.shopee.ShopeeApplication - Running with Spring Boot v3.4.4, Spring v6.2.5
2025-04-25 15:34:50 INFO  com.minh.shopee.ShopeeApplication - No active profile set, falling back to 1 default profile: "default"
2025-04-25 15:35:01 INFO  com.minh.shopee.ShopeeApplication - Started ShopeeApplication in 11.047 seconds (process running for 2267.371)
2025-04-25 15:35:02 INFO  com.minh.shopee.ShopeeApplication - Starting ShopeeApplication using Java 17.0.11 with PID 12208 (C:\Users\OWNER\Desktop\workspace\backend-clone-shopee\target\classes started by OWNER in C:\Users\OWNER\Desktop\workspace\backend-clone-shopee)
2025-04-25 15:35:02 DEBUG com.minh.shopee.ShopeeApplication - Running with Spring Boot v3.4.4, Spring v6.2.5
2025-04-25 15:35:02 INFO  com.minh.shopee.ShopeeApplication - No active profile set, falling back to 1 default profile: "default"
2025-04-25 15:35:05 INFO  com.minh.shopee.ShopeeApplication - Started ShopeeApplication in 2.68 seconds (process running for 2271.673)
2025-04-25 15:37:41 INFO  com.minh.shopee.ShopeeApplication - Starting ShopeeApplication using Java 17.0.11 with PID 12208 (C:\Users\OWNER\Desktop\workspace\backend-clone-shopee\target\classes started by OWNER in C:\Users\OWNER\Desktop\workspace\backend-clone-shopee)
2025-04-25 15:37:41 DEBUG com.minh.shopee.ShopeeApplication - Running with Spring Boot v3.4.4, Spring v6.2.5
2025-04-25 15:37:41 INFO  com.minh.shopee.ShopeeApplication - No active profile set, falling back to 1 default profile: "default"
2025-04-25 15:37:44 INFO  com.minh.shopee.ShopeeApplication - Started ShopeeApplication in 2.62 seconds (process running for 2430.576)
2025-04-25 15:37:48 INFO  com.minh.shopee.ShopeeApplication - Starting ShopeeApplication using Java 17.0.11 with PID 12208 (C:\Users\OWNER\Desktop\workspace\backend-clone-shopee\target\classes started by OWNER in C:\Users\OWNER\Desktop\workspace\backend-clone-shopee)
2025-04-25 15:37:48 DEBUG com.minh.shopee.ShopeeApplication - Running with Spring Boot v3.4.4, Spring v6.2.5
2025-04-25 15:37:48 INFO  com.minh.shopee.ShopeeApplication - No active profile set, falling back to 1 default profile: "default"
2025-04-25 15:37:51 INFO  com.minh.shopee.ShopeeApplication - Started ShopeeApplication in 2.789 seconds (process running for 2437.613)
2025-04-25 15:38:30 INFO  com.minh.shopee.ShopeeApplication - Starting ShopeeApplication using Java 17.0.11 with PID 12208 (C:\Users\OWNER\Desktop\workspace\backend-clone-shopee\target\classes started by OWNER in C:\Users\OWNER\Desktop\workspace\backend-clone-shopee)
2025-04-25 15:38:30 DEBUG com.minh.shopee.ShopeeApplication - Running with Spring Boot v3.4.4, Spring v6.2.5
2025-04-25 15:38:30 INFO  com.minh.shopee.ShopeeApplication - No active profile set, falling back to 1 default profile: "default"
2025-04-25 15:38:33 INFO  com.minh.shopee.ShopeeApplication - Started ShopeeApplication in 2.135 seconds (process running for 2479.043)
2025-04-25 15:38:49 INFO  com.minh.shopee.ShopeeApplication - Starting ShopeeApplication using Java 17.0.11 with PID 12208 (C:\Users\OWNER\Desktop\workspace\backend-clone-shopee\target\classes started by OWNER in C:\Users\OWNER\Desktop\workspace\backend-clone-shopee)
2025-04-25 15:38:49 DEBUG com.minh.shopee.ShopeeApplication - Running with Spring Boot v3.4.4, Spring v6.2.5
2025-04-25 15:38:49 INFO  com.minh.shopee.ShopeeApplication - No active profile set, falling back to 1 default profile: "default"
2025-04-25 15:38:53 INFO  com.minh.shopee.ShopeeApplication - Started ShopeeApplication in 3.872 seconds (process running for 2499.792)
2025-04-25 15:38:55 INFO  com.minh.shopee.ShopeeApplication - Starting ShopeeApplication using Java 17.0.11 with PID 12208 (C:\Users\OWNER\Desktop\workspace\backend-clone-shopee\target\classes started by OWNER in C:\Users\OWNER\Desktop\workspace\backend-clone-shopee)
2025-04-25 15:38:55 DEBUG com.minh.shopee.ShopeeApplication - Running with Spring Boot v3.4.4, Spring v6.2.5
2025-04-25 15:38:55 INFO  com.minh.shopee.ShopeeApplication - No active profile set, falling back to 1 default profile: "default"
2025-04-25 15:38:57 INFO  com.minh.shopee.ShopeeApplication - Started ShopeeApplication in 2.098 seconds (process running for 2503.141)
2025-04-25 15:39:28 INFO  com.minh.shopee.ShopeeApplication - Starting ShopeeApplication using Java 17.0.11 with PID 12208 (C:\Users\OWNER\Desktop\workspace\backend-clone-shopee\target\classes started by OWNER in C:\Users\OWNER\Desktop\workspace\backend-clone-shopee)
2025-04-25 15:39:28 DEBUG com.minh.shopee.ShopeeApplication - Running with Spring Boot v3.4.4, Spring v6.2.5
2025-04-25 15:39:28 INFO  com.minh.shopee.ShopeeApplication - No active profile set, falling back to 1 default profile: "default"
2025-04-25 15:39:30 INFO  com.minh.shopee.ShopeeApplication - Started ShopeeApplication in 2.391 seconds (process running for 2536.532)
2025-04-25 15:39:58 INFO  com.minh.shopee.ShopeeApplication - Starting ShopeeApplication using Java 17.0.11 with PID 12208 (C:\Users\OWNER\Desktop\workspace\backend-clone-shopee\target\classes started by OWNER in C:\Users\OWNER\Desktop\workspace\backend-clone-shopee)
2025-04-25 15:39:58 DEBUG com.minh.shopee.ShopeeApplication - Running with Spring Boot v3.4.4, Spring v6.2.5
2025-04-25 15:39:58 INFO  com.minh.shopee.ShopeeApplication - No active profile set, falling back to 1 default profile: "default"
2025-04-25 15:40:00 INFO  com.minh.shopee.ShopeeApplication - Started ShopeeApplication in 2.293 seconds (process running for 2566.771)
2025-04-25 15:41:16 INFO  com.minh.shopee.ShopeeApplication - Starting ShopeeApplication using Java 17.0.11 with PID 12208 (C:\Users\OWNER\Desktop\workspace\backend-clone-shopee\target\classes started by OWNER in C:\Users\OWNER\Desktop\workspace\backend-clone-shopee)
2025-04-25 15:41:16 DEBUG com.minh.shopee.ShopeeApplication - Running with Spring Boot v3.4.4, Spring v6.2.5
2025-04-25 15:41:16 INFO  com.minh.shopee.ShopeeApplication - No active profile set, falling back to 1 default profile: "default"
2025-04-25 15:41:23 INFO  com.minh.shopee.ShopeeApplication - Started ShopeeApplication in 6.931 seconds (process running for 2649.552)
2025-04-25 15:41:25 INFO  com.minh.shopee.ShopeeApplication - Starting ShopeeApplication using Java 17.0.11 with PID 12208 (C:\Users\OWNER\Desktop\workspace\backend-clone-shopee\target\classes started by OWNER in C:\Users\OWNER\Desktop\workspace\backend-clone-shopee)
2025-04-25 15:41:25 DEBUG com.minh.shopee.ShopeeApplication - Running with Spring Boot v3.4.4, Spring v6.2.5
2025-04-25 15:41:25 INFO  com.minh.shopee.ShopeeApplication - No active profile set, falling back to 1 default profile: "default"
2025-04-25 15:41:29 INFO  com.minh.shopee.ShopeeApplication - Started ShopeeApplication in 4.224 seconds (process running for 2655.863)
2025-04-25 15:41:37 INFO  com.minh.shopee.ShopeeApplication - Starting ShopeeApplication using Java 17.0.11 with PID 12208 (C:\Users\OWNER\Desktop\workspace\backend-clone-shopee\target\classes started by OWNER in C:\Users\OWNER\Desktop\workspace\backend-clone-shopee)
2025-04-25 15:41:37 DEBUG com.minh.shopee.ShopeeApplication - Running with Spring Boot v3.4.4, Spring v6.2.5
2025-04-25 15:41:37 INFO  com.minh.shopee.ShopeeApplication - No active profile set, falling back to 1 default profile: "default"
2025-04-25 15:41:43 INFO  com.minh.shopee.ShopeeApplication - Started ShopeeApplication in 5.839 seconds (process running for 2669.647)
2025-04-25 15:41:44 INFO  com.minh.shopee.ShopeeApplication - Starting ShopeeApplication using Java 17.0.11 with PID 12208 (C:\Users\OWNER\Desktop\workspace\backend-clone-shopee\target\classes started by OWNER in C:\Users\OWNER\Desktop\workspace\backend-clone-shopee)
2025-04-25 15:41:44 DEBUG com.minh.shopee.ShopeeApplication - Running with Spring Boot v3.4.4, Spring v6.2.5
2025-04-25 15:41:44 INFO  com.minh.shopee.ShopeeApplication - No active profile set, falling back to 1 default profile: "default"
2025-04-25 15:41:46 INFO  com.minh.shopee.ShopeeApplication - Started ShopeeApplication in 1.975 seconds (process running for 2672.948)
2025-04-25 15:42:01 INFO  com.minh.shopee.ShopeeApplication - Starting ShopeeApplication using Java 17.0.11 with PID 12208 (C:\Users\OWNER\Desktop\workspace\backend-clone-shopee\target\classes started by OWNER in C:\Users\OWNER\Desktop\workspace\backend-clone-shopee)
2025-04-25 15:42:01 DEBUG com.minh.shopee.ShopeeApplication - Running with Spring Boot v3.4.4, Spring v6.2.5
2025-04-25 15:42:01 INFO  com.minh.shopee.ShopeeApplication - No active profile set, falling back to 1 default profile: "default"
2025-04-25 15:42:04 INFO  com.minh.shopee.ShopeeApplication - Started ShopeeApplication in 2.874 seconds (process running for 2690.711)
2025-04-25 15:42:06 INFO  com.minh.shopee.ShopeeApplication - Starting ShopeeApplication using Java 17.0.11 with PID 12208 (C:\Users\OWNER\Desktop\workspace\backend-clone-shopee\target\classes started by OWNER in C:\Users\OWNER\Desktop\workspace\backend-clone-shopee)
2025-04-25 15:42:06 DEBUG com.minh.shopee.ShopeeApplication - Running with Spring Boot v3.4.4, Spring v6.2.5
2025-04-25 15:42:06 INFO  com.minh.shopee.ShopeeApplication - No active profile set, falling back to 1 default profile: "default"
2025-04-25 15:42:09 INFO  com.minh.shopee.ShopeeApplication - Started ShopeeApplication in 2.217 seconds (process running for 2695.208)
2025-04-25 15:51:31 INFO  com.minh.shopee.ShopeeApplication - Starting ShopeeApplication using Java 17.0.11 with PID 12208 (C:\Users\OWNER\Desktop\workspace\backend-clone-shopee\target\classes started by OWNER in C:\Users\OWNER\Desktop\workspace\backend-clone-shopee)
2025-04-25 15:51:31 DEBUG com.minh.shopee.ShopeeApplication - Running with Spring Boot v3.4.4, Spring v6.2.5
2025-04-25 15:51:31 INFO  com.minh.shopee.ShopeeApplication - No active profile set, falling back to 1 default profile: "default"
2025-04-25 15:51:34 INFO  com.minh.shopee.ShopeeApplication - Started ShopeeApplication in 2.824 seconds (process running for 3260.105)
2025-04-25 15:53:43 INFO  com.minh.shopee.ShopeeApplication - Starting ShopeeApplication using Java 17.0.11 with PID 12208 (C:\Users\OWNER\Desktop\workspace\backend-clone-shopee\target\classes started by OWNER in C:\Users\OWNER\Desktop\workspace\backend-clone-shopee)
2025-04-25 15:53:43 DEBUG com.minh.shopee.ShopeeApplication - Running with Spring Boot v3.4.4, Spring v6.2.5
2025-04-25 15:53:43 INFO  com.minh.shopee.ShopeeApplication - No active profile set, falling back to 1 default profile: "default"
2025-04-25 15:53:44 INFO  com.minh.shopee.ShopeeApplication - Started ShopeeApplication in 1.828 seconds (process running for 3391.023)
2025-04-25 15:55:40 INFO  com.minh.shopee.ShopeeApplication - Starting ShopeeApplication using Java 17.0.11 with PID 12208 (C:\Users\OWNER\Desktop\workspace\backend-clone-shopee\target\classes started by OWNER in C:\Users\OWNER\Desktop\workspace\backend-clone-shopee)
2025-04-25 15:55:40 DEBUG com.minh.shopee.ShopeeApplication - Running with Spring Boot v3.4.4, Spring v6.2.5
2025-04-25 15:55:40 INFO  com.minh.shopee.ShopeeApplication - No active profile set, falling back to 1 default profile: "default"
2025-04-25 15:55:42 INFO  com.minh.shopee.ShopeeApplication - Started ShopeeApplication in 1.876 seconds (process running for 3508.71)
2025-04-25 15:56:07 INFO  com.minh.shopee.ShopeeApplication - Starting ShopeeApplication using Java 17.0.11 with PID 12208 (C:\Users\OWNER\Desktop\workspace\backend-clone-shopee\target\classes started by OWNER in C:\Users\OWNER\Desktop\workspace\backend-clone-shopee)
2025-04-25 15:56:07 DEBUG com.minh.shopee.ShopeeApplication - Running with Spring Boot v3.4.4, Spring v6.2.5
2025-04-25 15:56:07 INFO  com.minh.shopee.ShopeeApplication - No active profile set, falling back to 1 default profile: "default"
2025-04-25 15:56:09 INFO  com.minh.shopee.ShopeeApplication - Started ShopeeApplication in 1.816 seconds (process running for 3535.735)
2025-04-25 15:57:38 INFO  com.minh.shopee.ShopeeApplication - Starting ShopeeApplication using Java 17.0.11 with PID 12208 (C:\Users\OWNER\Desktop\workspace\backend-clone-shopee\target\classes started by OWNER in C:\Users\OWNER\Desktop\workspace\backend-clone-shopee)
2025-04-25 15:57:38 DEBUG com.minh.shopee.ShopeeApplication - Running with Spring Boot v3.4.4, Spring v6.2.5
2025-04-25 15:57:38 INFO  com.minh.shopee.ShopeeApplication - No active profile set, falling back to 1 default profile: "default"
2025-04-25 15:57:41 INFO  com.minh.shopee.ShopeeApplication - Started ShopeeApplication in 3.462 seconds (process running for 3628.028)
2025-04-25 15:57:44 INFO  com.minh.shopee.ShopeeApplication - Starting ShopeeApplication using Java 17.0.11 with PID 12208 (C:\Users\OWNER\Desktop\workspace\backend-clone-shopee\target\classes started by OWNER in C:\Users\OWNER\Desktop\workspace\backend-clone-shopee)
2025-04-25 15:57:44 DEBUG com.minh.shopee.ShopeeApplication - Running with Spring Boot v3.4.4, Spring v6.2.5
2025-04-25 15:57:44 INFO  com.minh.shopee.ShopeeApplication - No active profile set, falling back to 1 default profile: "default"
2025-04-25 15:57:46 INFO  com.minh.shopee.ShopeeApplication - Started ShopeeApplication in 2.53 seconds (process running for 3632.902)
2025-04-25 15:57:53 INFO  com.minh.shopee.ShopeeApplication - Starting ShopeeApplication using Java 17.0.11 with PID 12208 (C:\Users\OWNER\Desktop\workspace\backend-clone-shopee\target\classes started by OWNER in C:\Users\OWNER\Desktop\workspace\backend-clone-shopee)
2025-04-25 15:57:53 DEBUG com.minh.shopee.ShopeeApplication - Running with Spring Boot v3.4.4, Spring v6.2.5
2025-04-25 15:57:53 INFO  com.minh.shopee.ShopeeApplication - No active profile set, falling back to 1 default profile: "default"
2025-04-25 15:57:55 INFO  com.minh.shopee.ShopeeApplication - Started ShopeeApplication in 2.001 seconds (process running for 3641.618)
2025-04-25 15:58:02 INFO  com.minh.shopee.ShopeeApplication - Starting ShopeeApplication using Java 17.0.11 with PID 12208 (C:\Users\OWNER\Desktop\workspace\backend-clone-shopee\target\classes started by OWNER in C:\Users\OWNER\Desktop\workspace\backend-clone-shopee)
2025-04-25 15:58:02 DEBUG com.minh.shopee.ShopeeApplication - Running with Spring Boot v3.4.4, Spring v6.2.5
2025-04-25 15:58:02 INFO  com.minh.shopee.ShopeeApplication - No active profile set, falling back to 1 default profile: "default"
2025-04-25 15:58:06 INFO  com.minh.shopee.ShopeeApplication - Started ShopeeApplication in 4.207 seconds (process running for 3652.545)
2025-04-25 15:58:12 INFO  com.minh.shopee.ShopeeApplication - Starting ShopeeApplication using Java 17.0.11 with PID 12208 (C:\Users\OWNER\Desktop\workspace\backend-clone-shopee\target\classes started by OWNER in C:\Users\OWNER\Desktop\workspace\backend-clone-shopee)
2025-04-25 15:58:12 DEBUG com.minh.shopee.ShopeeApplication - Running with Spring Boot v3.4.4, Spring v6.2.5
2025-04-25 15:58:12 INFO  com.minh.shopee.ShopeeApplication - No active profile set, falling back to 1 default profile: "default"
2025-04-25 15:58:14 INFO  com.minh.shopee.ShopeeApplication - Started ShopeeApplication in 2.351 seconds (process running for 3660.835)
2025-04-25 16:02:41 INFO  com.minh.shopee.ShopeeApplication - Starting ShopeeApplication using Java 17.0.11 with PID 12208 (C:\Users\OWNER\Desktop\workspace\backend-clone-shopee\target\classes started by OWNER in C:\Users\OWNER\Desktop\workspace\backend-clone-shopee)
2025-04-25 16:02:41 DEBUG com.minh.shopee.ShopeeApplication - Running with Spring Boot v3.4.4, Spring v6.2.5
2025-04-25 16:02:41 INFO  com.minh.shopee.ShopeeApplication - No active profile set, falling back to 1 default profile: "default"
2025-04-25 16:02:43 INFO  com.minh.shopee.ShopeeApplication - Started ShopeeApplication in 2.299 seconds (process running for 3930.019)
2025-04-25 16:02:52 INFO  com.minh.shopee.ShopeeApplication - Starting ShopeeApplication using Java 17.0.11 with PID 12208 (C:\Users\OWNER\Desktop\workspace\backend-clone-shopee\target\classes started by OWNER in C:\Users\OWNER\Desktop\workspace\backend-clone-shopee)
2025-04-25 16:02:52 DEBUG com.minh.shopee.ShopeeApplication - Running with Spring Boot v3.4.4, Spring v6.2.5
2025-04-25 16:02:52 INFO  com.minh.shopee.ShopeeApplication - No active profile set, falling back to 1 default profile: "default"
2025-04-25 16:02:54 INFO  com.minh.shopee.ShopeeApplication - Started ShopeeApplication in 1.877 seconds (process running for 3940.392)
2025-04-25 16:02:55 INFO  com.minh.shopee.ShopeeApplication - Starting ShopeeApplication using Java 17.0.11 with PID 12208 (C:\Users\OWNER\Desktop\workspace\backend-clone-shopee\target\classes started by OWNER in C:\Users\OWNER\Desktop\workspace\backend-clone-shopee)
2025-04-25 16:02:55 DEBUG com.minh.shopee.ShopeeApplication - Running with Spring Boot v3.4.4, Spring v6.2.5
2025-04-25 16:02:55 INFO  com.minh.shopee.ShopeeApplication - No active profile set, falling back to 1 default profile: "default"
2025-04-25 16:02:58 INFO  com.minh.shopee.ShopeeApplication - Started ShopeeApplication in 2.093 seconds (process running for 3944.064)
2025-04-25 16:03:06 INFO  com.minh.shopee.ShopeeApplication - Starting ShopeeApplication using Java 17.0.11 with PID 12208 (C:\Users\OWNER\Desktop\workspace\backend-clone-shopee\target\classes started by OWNER in C:\Users\OWNER\Desktop\workspace\backend-clone-shopee)
2025-04-25 16:03:06 DEBUG com.minh.shopee.ShopeeApplication - Running with Spring Boot v3.4.4, Spring v6.2.5
2025-04-25 16:03:06 INFO  com.minh.shopee.ShopeeApplication - No active profile set, falling back to 1 default profile: "default"
2025-04-25 16:03:07 INFO  com.minh.shopee.ShopeeApplication - Started ShopeeApplication in 1.642 seconds (process running for 3953.805)
2025-04-25 16:03:18 INFO  com.minh.shopee.ShopeeApplication - Starting ShopeeApplication using Java 17.0.11 with PID 12208 (C:\Users\OWNER\Desktop\workspace\backend-clone-shopee\target\classes started by OWNER in C:\Users\OWNER\Desktop\workspace\backend-clone-shopee)
2025-04-25 16:03:18 DEBUG com.minh.shopee.ShopeeApplication - Running with Spring Boot v3.4.4, Spring v6.2.5
2025-04-25 16:03:18 INFO  com.minh.shopee.ShopeeApplication - No active profile set, falling back to 1 default profile: "default"
2025-04-25 16:03:23 INFO  com.minh.shopee.ShopeeApplication - Started ShopeeApplication in 4.615 seconds (process running for 3969.144)
2025-04-25 16:03:24 INFO  com.minh.shopee.ShopeeApplication - Starting ShopeeApplication using Java 17.0.11 with PID 12208 (C:\Users\OWNER\Desktop\workspace\backend-clone-shopee\target\classes started by OWNER in C:\Users\OWNER\Desktop\workspace\backend-clone-shopee)
2025-04-25 16:03:24 DEBUG com.minh.shopee.ShopeeApplication - Running with Spring Boot v3.4.4, Spring v6.2.5
2025-04-25 16:03:24 INFO  com.minh.shopee.ShopeeApplication - No active profile set, falling back to 1 default profile: "default"
2025-04-25 16:03:26 INFO  com.minh.shopee.ShopeeApplication - Started ShopeeApplication in 2.096 seconds (process running for 3972.649)
2025-04-25 16:03:28 INFO  com.minh.shopee.ShopeeApplication - Starting ShopeeApplication using Java 17.0.11 with PID 12208 (C:\Users\OWNER\Desktop\workspace\backend-clone-shopee\target\classes started by OWNER in C:\Users\OWNER\Desktop\workspace\backend-clone-shopee)
2025-04-25 16:03:28 DEBUG com.minh.shopee.ShopeeApplication - Running with Spring Boot v3.4.4, Spring v6.2.5
2025-04-25 16:03:28 INFO  com.minh.shopee.ShopeeApplication - No active profile set, falling back to 1 default profile: "default"
2025-04-25 16:03:30 INFO  com.minh.shopee.ShopeeApplication - Started ShopeeApplication in 2.314 seconds (process running for 3976.395)
2025-04-25 16:03:31 INFO  com.minh.shopee.ShopeeApplication - Starting ShopeeApplication using Java 17.0.11 with PID 12208 (C:\Users\OWNER\Desktop\workspace\backend-clone-shopee\target\classes started by OWNER in C:\Users\OWNER\Desktop\workspace\backend-clone-shopee)
2025-04-25 16:03:31 DEBUG com.minh.shopee.ShopeeApplication - Running with Spring Boot v3.4.4, Spring v6.2.5
2025-04-25 16:03:31 INFO  com.minh.shopee.ShopeeApplication - No active profile set, falling back to 1 default profile: "default"
2025-04-25 16:03:35 INFO  com.minh.shopee.ShopeeApplication - Started ShopeeApplication in 3.814 seconds (process running for 3981.65)
2025-04-25 16:03:37 INFO  com.minh.shopee.ShopeeApplication - Starting ShopeeApplication using Java 17.0.11 with PID 12208 (C:\Users\OWNER\Desktop\workspace\backend-clone-shopee\target\classes started by OWNER in C:\Users\OWNER\Desktop\workspace\backend-clone-shopee)
2025-04-25 16:03:37 DEBUG com.minh.shopee.ShopeeApplication - Running with Spring Boot v3.4.4, Spring v6.2.5
2025-04-25 16:03:37 INFO  com.minh.shopee.ShopeeApplication - No active profile set, falling back to 1 default profile: "default"
2025-04-25 16:03:38 INFO  com.minh.shopee.ShopeeApplication - Started ShopeeApplication in 1.513 seconds (process running for 3984.735)
